[2019-03-11 11:32:27] local.ERROR: Symfony\Component\Debug\Exception\FatalThrowableError: Parse error: syntax error, unexpected ']' in C:\laragon\www\YI-MT\app\Traits\SessionFunc.php:30
Stack trace:
#0 C:\laragon\www\YI-MT\vendor\composer\ClassLoader.php(322): Composer\Autoload\includeFile('C:\\laragon\\www\\...')
#1 [internal function]: Composer\Autoload\ClassLoader->loadClass('YellowProject\\T...')
#2 C:\laragon\www\YI-MT\app\Http\Controllers\MainController.php(11): spl_autoload_call('YellowProject\\T...')
#3 C:\laragon\www\YI-MT\vendor\composer\ClassLoader.php(444): include('C:\\laragon\\www\\...')
#4 C:\laragon\www\YI-MT\vendor\composer\ClassLoader.php(322): Composer\Autoload\includeFile('C:\\laragon\\www\\...')
#5 [internal function]: Composer\Autoload\ClassLoader->loadClass('YellowProject\\H...')
#6 C:\laragon\www\YI-MT\app\Http\Controllers\MT\Promotion\PromotionController.php(11): spl_autoload_call('YellowProject\\H...')
#7 C:\laragon\www\YI-MT\vendor\composer\ClassLoader.php(444): include('C:\\laragon\\www\\...')
#8 C:\laragon\www\YI-MT\vendor\composer\ClassLoader.php(322): Composer\Autoload\includeFile('C:\\laragon\\www\\...')
#9 [internal function]: Composer\Autoload\ClassLoader->loadClass('YellowProject\\H...')
#10 [internal function]: spl_autoload_call('YellowProject\\H...')
#11 C:\laragon\www\YI-MT\vendor\laravel\framework\src\Illuminate\Container\Container.php(729): ReflectionClass->__construct('YellowProject\\H...')
#12 C:\laragon\www\YI-MT\vendor\laravel\framework\src\Illuminate\Container\Container.php(608): Illuminate\Container\Container->build('YellowProject\\H...')
#13 C:\laragon\www\YI-MT\vendor\laravel\framework\src\Illuminate\Container\Container.php(575): Illuminate\Container\Container->resolve('YellowProject\\H...')
#14 C:\laragon\www\YI-MT\vendor\laravel\framework\src\Illuminate\Foundation\Application.php(728): Illuminate\Container\Container->make('YellowProject\\H...')
#15 C:\laragon\www\YI-MT\vendor\laravel\framework\src\Illuminate\Routing\Route.php(217): Illuminate\Foundation\Application->make('YellowProject\\H...')
#16 C:\laragon\www\YI-MT\vendor\laravel\framework\src\Illuminate\Routing\Route.php(747): Illuminate\Routing\Route->getController()
#17 C:\laragon\www\YI-MT\vendor\laravel\framework\src\Illuminate\Routing\Route.php(708): Illuminate\Routing\Route->controllerMiddleware()
#18 C:\laragon\www\YI-MT\vendor\laravel\framework\src\Illuminate\Routing\Router.php(587): Illuminate\Routing\Route->gatherMiddleware()
#19 C:\laragon\www\YI-MT\vendor\laravel\framework\src\Illuminate\Routing\Router.php(567): Illuminate\Routing\Router->gatherRouteMiddleware(Object(Illuminate\Routing\Route))
#20 C:\laragon\www\YI-MT\vendor\laravel\framework\src\Illuminate\Routing\Router.php(535): Illuminate\Routing\Router->runRouteWithinStack(Object(Illuminate\Routing\Route), Object(Illuminate\Http\Request))
#21 C:\laragon\www\YI-MT\vendor\laravel\framework\src\Illuminate\Routing\Router.php(513): Illuminate\Routing\Router->dispatchToRoute(Object(Illuminate\Http\Request))
#22 C:\laragon\www\YI-MT\vendor\laravel\framework\src\Illuminate\Foundation\Http\Kernel.php(176): Illuminate\Routing\Router->dispatch(Object(Illuminate\Http\Request))
#23 C:\laragon\www\YI-MT\vendor\laravel\framework\src\Illuminate\Routing\Pipeline.php(30): Illuminate\Foundation\Http\Kernel->Illuminate\Foundation\Http\{closure}(Object(Illuminate\Http\Request))
#24 C:\laragon\www\YI-MT\vendor\laravel\framework\src\Illuminate\Foundation\Http\Middleware\TransformsRequest.php(30): Illuminate\Routing\Pipeline->Illuminate\Routing\{closure}(Object(Illuminate\Http\Request))
#25 C:\laragon\www\YI-MT\vendor\laravel\framework\src\Illuminate\Pipeline\Pipeline.php(148): Illuminate\Foundation\Http\Middleware\TransformsRequest->handle(Object(Illuminate\Http\Request), Object(Closure))
#26 C:\laragon\www\YI-MT\vendor\laravel\framework\src\Illuminate\Routing\Pipeline.php(53): Illuminate\Pipeline\Pipeline->Illuminate\Pipeline\{closure}(Object(Illuminate\Http\Request))
#27 C:\laragon\www\YI-MT\vendor\laravel\framework\src\Illuminate\Foundation\Http\Middleware\TransformsRequest.php(30): Illuminate\Routing\Pipeline->Illuminate\Routing\{closure}(Object(Illuminate\Http\Request))
#28 C:\laragon\www\YI-MT\vendor\laravel\framework\src\Illuminate\Pipeline\Pipeline.php(148): Illuminate\Foundation\Http\Middleware\TransformsRequest->handle(Object(Illuminate\Http\Request), Object(Closure))
#29 C:\laragon\www\YI-MT\vendor\laravel\framework\src\Illuminate\Routing\Pipeline.php(53): Illuminate\Pipeline\Pipeline->Illuminate\Pipeline\{closure}(Object(Illuminate\Http\Request))
#30 C:\laragon\www\YI-MT\vendor\laravel\framework\src\Illuminate\Foundation\Http\Middleware\ValidatePostSize.php(27): Illuminate\Routing\Pipeline->Illuminate\Routing\{closure}(Object(Illuminate\Http\Request))
#31 C:\laragon\www\YI-MT\vendor\laravel\framework\src\Illuminate\Pipeline\Pipeline.php(148): Illuminate\Foundation\Http\Middleware\ValidatePostSize->handle(Object(Illuminate\Http\Request), Object(Closure))
#32 C:\laragon\www\YI-MT\vendor\laravel\framework\src\Illuminate\Routing\Pipeline.php(53): Illuminate\Pipeline\Pipeline->Illuminate\Pipeline\{closure}(Object(Illuminate\Http\Request))
#33 C:\laragon\www\YI-MT\vendor\laravel\framework\src\Illuminate\Foundation\Http\Middleware\CheckForMaintenanceMode.php(46): Illuminate\Routing\Pipeline->Illuminate\Routing\{closure}(Object(Illuminate\Http\Request))
#34 C:\laragon\www\YI-MT\vendor\laravel\framework\src\Illuminate\Pipeline\Pipeline.php(148): Illuminate\Foundation\Http\Middleware\CheckForMaintenanceMode->handle(Object(Illuminate\Http\Request), Object(Closure))
#35 C:\laragon\www\YI-MT\vendor\laravel\framework\src\Illuminate\Routing\Pipeline.php(53): Illuminate\Pipeline\Pipeline->Illuminate\Pipeline\{closure}(Object(Illuminate\Http\Request))
#36 C:\laragon\www\YI-MT\vendor\laravel\framework\src\Illuminate\Pipeline\Pipeline.php(102): Illuminate\Routing\Pipeline->Illuminate\Routing\{closure}(Object(Illuminate\Http\Request))
#37 C:\laragon\www\YI-MT\vendor\laravel\framework\src\Illuminate\Foundation\Http\Kernel.php(151): Illuminate\Pipeline\Pipeline->then(Object(Closure))
#38 C:\laragon\www\YI-MT\vendor\laravel\framework\src\Illuminate\Foundation\Http\Kernel.php(116): Illuminate\Foundation\Http\Kernel->sendRequestThroughRouter(Object(Illuminate\Http\Request))
#39 C:\laragon\www\YI-MT\public\index.php(53): Illuminate\Foundation\Http\Kernel->handle(Object(Illuminate\Http\Request))
#40 {main}  
[2019-03-11 11:41:49] local.ERROR: Symfony\Component\Debug\Exception\FatalThrowableError: Type error: Too few arguments to function YellowProject\Http\Controllers\MainController::getSession(), 0 passed in C:\laragon\www\YI-MT\app\Http\Controllers\MT\Promotion\PromotionController.php on line 30 and exactly 2 expected in C:\laragon\www\YI-MT\app\Traits\SessionFunc.php:37
Stack trace:
#0 C:\laragon\www\YI-MT\app\Http\Controllers\MT\Promotion\PromotionController.php(30): YellowProject\Http\Controllers\MainController->getSession()
#1 [internal function]: YellowProject\Http\Controllers\MT\Promotion\PromotionController->index()
#2 C:\laragon\www\YI-MT\vendor\laravel\framework\src\Illuminate\Routing\Controller.php(55): call_user_func_array(Array, Array)
#3 C:\laragon\www\YI-MT\vendor\laravel\framework\src\Illuminate\Routing\ControllerDispatcher.php(44): Illuminate\Routing\Controller->callAction('index', Array)
#4 C:\laragon\www\YI-MT\vendor\laravel\framework\src\Illuminate\Routing\Route.php(203): Illuminate\Routing\ControllerDispatcher->dispatch(Object(Illuminate\Routing\Route), Object(YellowProject\Http\Controllers\MT\Promotion\PromotionController), 'index')
#5 C:\laragon\www\YI-MT\vendor\laravel\framework\src\Illuminate\Routing\Route.php(160): Illuminate\Routing\Route->runController()
#6 C:\laragon\www\YI-MT\vendor\laravel\framework\src\Illuminate\Routing\Router.php(574): Illuminate\Routing\Route->run()
#7 C:\laragon\www\YI-MT\vendor\laravel\framework\src\Illuminate\Routing\Pipeline.php(30): Illuminate\Routing\Router->Illuminate\Routing\{closure}(Object(Illuminate\Http\Request))
#8 C:\laragon\www\YI-MT\vendor\laravel\framework\src\Illuminate\Routing\Middleware\SubstituteBindings.php(41): Illuminate\Routing\Pipeline->Illuminate\Routing\{closure}(Object(Illuminate\Http\Request))
#9 C:\laragon\www\YI-MT\vendor\laravel\framework\src\Illuminate\Pipeline\Pipeline.php(148): Illuminate\Routing\Middleware\SubstituteBindings->handle(Object(Illuminate\Http\Request), Object(Closure))
#10 C:\laragon\www\YI-MT\vendor\laravel\framework\src\Illuminate\Routing\Pipeline.php(53): Illuminate\Pipeline\Pipeline->Illuminate\Pipeline\{closure}(Object(Illuminate\Http\Request))
#11 C:\laragon\www\YI-MT\vendor\laravel\framework\src\Illuminate\View\Middleware\ShareErrorsFromSession.php(49): Illuminate\Routing\Pipeline->Illuminate\Routing\{closure}(Object(Illuminate\Http\Request))
#12 C:\laragon\www\YI-MT\vendor\laravel\framework\src\Illuminate\Pipeline\Pipeline.php(148): Illuminate\View\Middleware\ShareErrorsFromSession->handle(Object(Illuminate\Http\Request), Object(Closure))
#13 C:\laragon\www\YI-MT\vendor\laravel\framework\src\Illuminate\Routing\Pipeline.php(53): Illuminate\Pipeline\Pipeline->Illuminate\Pipeline\{closure}(Object(Illuminate\Http\Request))
#14 C:\laragon\www\YI-MT\vendor\laravel\framework\src\Illuminate\Session\Middleware\StartSession.php(64): Illuminate\Routing\Pipeline->Illuminate\Routing\{closure}(Object(Illuminate\Http\Request))
#15 C:\laragon\www\YI-MT\vendor\laravel\framework\src\Illuminate\Pipeline\Pipeline.php(148): Illuminate\Session\Middleware\StartSession->handle(Object(Illuminate\Http\Request), Object(Closure))
#16 C:\laragon\www\YI-MT\vendor\laravel\framework\src\Illuminate\Routing\Pipeline.php(53): Illuminate\Pipeline\Pipeline->Illuminate\Pipeline\{closure}(Object(Illuminate\Http\Request))
#17 C:\laragon\www\YI-MT\vendor\laravel\framework\src\Illuminate\Cookie\Middleware\AddQueuedCookiesToResponse.php(37): Illuminate\Routing\Pipeline->Illuminate\Routing\{closure}(Object(Illuminate\Http\Request))
#18 C:\laragon\www\YI-MT\vendor\laravel\framework\src\Illuminate\Pipeline\Pipeline.php(148): Illuminate\Cookie\Middleware\AddQueuedCookiesToResponse->handle(Object(Illuminate\Http\Request), Object(Closure))
#19 C:\laragon\www\YI-MT\vendor\laravel\framework\src\Illuminate\Routing\Pipeline.php(53): Illuminate\Pipeline\Pipeline->Illuminate\Pipeline\{closure}(Object(Illuminate\Http\Request))
#20 C:\laragon\www\YI-MT\vendor\laravel\framework\src\Illuminate\Cookie\Middleware\EncryptCookies.php(59): Illuminate\Routing\Pipeline->Illuminate\Routing\{closure}(Object(Illuminate\Http\Request))
#21 C:\laragon\www\YI-MT\vendor\laravel\framework\src\Illuminate\Pipeline\Pipeline.php(148): Illuminate\Cookie\Middleware\EncryptCookies->handle(Object(Illuminate\Http\Request), Object(Closure))
#22 C:\laragon\www\YI-MT\vendor\laravel\framework\src\Illuminate\Routing\Pipeline.php(53): Illuminate\Pipeline\Pipeline->Illuminate\Pipeline\{closure}(Object(Illuminate\Http\Request))
#23 C:\laragon\www\YI-MT\vendor\laravel\framework\src\Illuminate\Pipeline\Pipeline.php(102): Illuminate\Routing\Pipeline->Illuminate\Routing\{closure}(Object(Illuminate\Http\Request))
#24 C:\laragon\www\YI-MT\vendor\laravel\framework\src\Illuminate\Routing\Router.php(576): Illuminate\Pipeline\Pipeline->then(Object(Closure))
#25 C:\laragon\www\YI-MT\vendor\laravel\framework\src\Illuminate\Routing\Router.php(535): Illuminate\Routing\Router->runRouteWithinStack(Object(Illuminate\Routing\Route), Object(Illuminate\Http\Request))
#26 C:\laragon\www\YI-MT\vendor\laravel\framework\src\Illuminate\Routing\Router.php(513): Illuminate\Routing\Router->dispatchToRoute(Object(Illuminate\Http\Request))
#27 C:\laragon\www\YI-MT\vendor\laravel\framework\src\Illuminate\Foundation\Http\Kernel.php(176): Illuminate\Routing\Router->dispatch(Object(Illuminate\Http\Request))
#28 C:\laragon\www\YI-MT\vendor\laravel\framework\src\Illuminate\Routing\Pipeline.php(30): Illuminate\Foundation\Http\Kernel->Illuminate\Foundation\Http\{closure}(Object(Illuminate\Http\Request))
#29 C:\laragon\www\YI-MT\vendor\laravel\framework\src\Illuminate\Foundation\Http\Middleware\TransformsRequest.php(30): Illuminate\Routing\Pipeline->Illuminate\Routing\{closure}(Object(Illuminate\Http\Request))
#30 C:\laragon\www\YI-MT\vendor\laravel\framework\src\Illuminate\Pipeline\Pipeline.php(148): Illuminate\Foundation\Http\Middleware\TransformsRequest->handle(Object(Illuminate\Http\Request), Object(Closure))
#31 C:\laragon\www\YI-MT\vendor\laravel\framework\src\Illuminate\Routing\Pipeline.php(53): Illuminate\Pipeline\Pipeline->Illuminate\Pipeline\{closure}(Object(Illuminate\Http\Request))
#32 C:\laragon\www\YI-MT\vendor\laravel\framework\src\Illuminate\Foundation\Http\Middleware\TransformsRequest.php(30): Illuminate\Routing\Pipeline->Illuminate\Routing\{closure}(Object(Illuminate\Http\Request))
#33 C:\laragon\www\YI-MT\vendor\laravel\framework\src\Illuminate\Pipeline\Pipeline.php(148): Illuminate\Foundation\Http\Middleware\TransformsRequest->handle(Object(Illuminate\Http\Request), Object(Closure))
#34 C:\laragon\www\YI-MT\vendor\laravel\framework\src\Illuminate\Routing\Pipeline.php(53): Illuminate\Pipeline\Pipeline->Illuminate\Pipeline\{closure}(Object(Illuminate\Http\Request))
#35 C:\laragon\www\YI-MT\vendor\laravel\framework\src\Illuminate\Foundation\Http\Middleware\ValidatePostSize.php(27): Illuminate\Routing\Pipeline->Illuminate\Routing\{closure}(Object(Illuminate\Http\Request))
#36 C:\laragon\www\YI-MT\vendor\laravel\framework\src\Illuminate\Pipeline\Pipeline.php(148): Illuminate\Foundation\Http\Middleware\ValidatePostSize->handle(Object(Illuminate\Http\Request), Object(Closure))
#37 C:\laragon\www\YI-MT\vendor\laravel\framework\src\Illuminate\Routing\Pipeline.php(53): Illuminate\Pipeline\Pipeline->Illuminate\Pipeline\{closure}(Object(Illuminate\Http\Request))
#38 C:\laragon\www\YI-MT\vendor\laravel\framework\src\Illuminate\Foundation\Http\Middleware\CheckForMaintenanceMode.php(46): Illuminate\Routing\Pipeline->Illuminate\Routing\{closure}(Object(Illuminate\Http\Request))
#39 C:\laragon\www\YI-MT\vendor\laravel\framework\src\Illuminate\Pipeline\Pipeline.php(148): Illuminate\Foundation\Http\Middleware\CheckForMaintenanceMode->handle(Object(Illuminate\Http\Request), Object(Closure))
#40 C:\laragon\www\YI-MT\vendor\laravel\framework\src\Illuminate\Routing\Pipeline.php(53): Illuminate\Pipeline\Pipeline->Illuminate\Pipeline\{closure}(Object(Illuminate\Http\Request))
#41 C:\laragon\www\YI-MT\vendor\laravel\framework\src\Illuminate\Pipeline\Pipeline.php(102): Illuminate\Routing\Pipeline->Illuminate\Routing\{closure}(Object(Illuminate\Http\Request))
#42 C:\laragon\www\YI-MT\vendor\laravel\framework\src\Illuminate\Foundation\Http\Kernel.php(151): Illuminate\Pipeline\Pipeline->then(Object(Closure))
#43 C:\laragon\www\YI-MT\vendor\laravel\framework\src\Illuminate\Foundation\Http\Kernel.php(116): Illuminate\Foundation\Http\Kernel->sendRequestThroughRouter(Object(Illuminate\Http\Request))
#44 C:\laragon\www\YI-MT\public\index.php(53): Illuminate\Foundation\Http\Kernel->handle(Object(Illuminate\Http\Request))
#45 {main}  
[2019-03-11 11:42:10] local.ERROR: Symfony\Component\Debug\Exception\FatalThrowableError: Type error: Too few arguments to function YellowProject\Http\Controllers\MainController::getSession(), 0 passed in C:\laragon\www\YI-MT\app\Http\Controllers\MT\Promotion\PromotionController.php on line 30 and exactly 2 expected in C:\laragon\www\YI-MT\app\Traits\SessionFunc.php:37
Stack trace:
#0 C:\laragon\www\YI-MT\app\Http\Controllers\MT\Promotion\PromotionController.php(30): YellowProject\Http\Controllers\MainController->getSession()
#1 [internal function]: YellowProject\Http\Controllers\MT\Promotion\PromotionController->index()
#2 C:\laragon\www\YI-MT\vendor\laravel\framework\src\Illuminate\Routing\Controller.php(55): call_user_func_array(Array, Array)
#3 C:\laragon\www\YI-MT\vendor\laravel\framework\src\Illuminate\Routing\ControllerDispatcher.php(44): Illuminate\Routing\Controller->callAction('index', Array)
#4 C:\laragon\www\YI-MT\vendor\laravel\framework\src\Illuminate\Routing\Route.php(203): Illuminate\Routing\ControllerDispatcher->dispatch(Object(Illuminate\Routing\Route), Object(YellowProject\Http\Controllers\MT\Promotion\PromotionController), 'index')
#5 C:\laragon\www\YI-MT\vendor\laravel\framework\src\Illuminate\Routing\Route.php(160): Illuminate\Routing\Route->runController()
#6 C:\laragon\www\YI-MT\vendor\laravel\framework\src\Illuminate\Routing\Router.php(574): Illuminate\Routing\Route->run()
#7 C:\laragon\www\YI-MT\vendor\laravel\framework\src\Illuminate\Routing\Pipeline.php(30): Illuminate\Routing\Router->Illuminate\Routing\{closure}(Object(Illuminate\Http\Request))
#8 C:\laragon\www\YI-MT\vendor\laravel\framework\src\Illuminate\Routing\Middleware\SubstituteBindings.php(41): Illuminate\Routing\Pipeline->Illuminate\Routing\{closure}(Object(Illuminate\Http\Request))
#9 C:\laragon\www\YI-MT\vendor\laravel\framework\src\Illuminate\Pipeline\Pipeline.php(148): Illuminate\Routing\Middleware\SubstituteBindings->handle(Object(Illuminate\Http\Request), Object(Closure))
#10 C:\laragon\www\YI-MT\vendor\laravel\framework\src\Illuminate\Routing\Pipeline.php(53): Illuminate\Pipeline\Pipeline->Illuminate\Pipeline\{closure}(Object(Illuminate\Http\Request))
#11 C:\laragon\www\YI-MT\vendor\laravel\framework\src\Illuminate\View\Middleware\ShareErrorsFromSession.php(49): Illuminate\Routing\Pipeline->Illuminate\Routing\{closure}(Object(Illuminate\Http\Request))
#12 C:\laragon\www\YI-MT\vendor\laravel\framework\src\Illuminate\Pipeline\Pipeline.php(148): Illuminate\View\Middleware\ShareErrorsFromSession->handle(Object(Illuminate\Http\Request), Object(Closure))
#13 C:\laragon\www\YI-MT\vendor\laravel\framework\src\Illuminate\Routing\Pipeline.php(53): Illuminate\Pipeline\Pipeline->Illuminate\Pipeline\{closure}(Object(Illuminate\Http\Request))
#14 C:\laragon\www\YI-MT\vendor\laravel\framework\src\Illuminate\Session\Middleware\StartSession.php(64): Illuminate\Routing\Pipeline->Illuminate\Routing\{closure}(Object(Illuminate\Http\Request))
#15 C:\laragon\www\YI-MT\vendor\laravel\framework\src\Illuminate\Pipeline\Pipeline.php(148): Illuminate\Session\Middleware\StartSession->handle(Object(Illuminate\Http\Request), Object(Closure))
#16 C:\laragon\www\YI-MT\vendor\laravel\framework\src\Illuminate\Routing\Pipeline.php(53): Illuminate\Pipeline\Pipeline->Illuminate\Pipeline\{closure}(Object(Illuminate\Http\Request))
#17 C:\laragon\www\YI-MT\vendor\laravel\framework\src\Illuminate\Cookie\Middleware\AddQueuedCookiesToResponse.php(37): Illuminate\Routing\Pipeline->Illuminate\Routing\{closure}(Object(Illuminate\Http\Request))
#18 C:\laragon\www\YI-MT\vendor\laravel\framework\src\Illuminate\Pipeline\Pipeline.php(148): Illuminate\Cookie\Middleware\AddQueuedCookiesToResponse->handle(Object(Illuminate\Http\Request), Object(Closure))
#19 C:\laragon\www\YI-MT\vendor\laravel\framework\src\Illuminate\Routing\Pipeline.php(53): Illuminate\Pipeline\Pipeline->Illuminate\Pipeline\{closure}(Object(Illuminate\Http\Request))
#20 C:\laragon\www\YI-MT\vendor\laravel\framework\src\Illuminate\Cookie\Middleware\EncryptCookies.php(59): Illuminate\Routing\Pipeline->Illuminate\Routing\{closure}(Object(Illuminate\Http\Request))
#21 C:\laragon\www\YI-MT\vendor\laravel\framework\src\Illuminate\Pipeline\Pipeline.php(148): Illuminate\Cookie\Middleware\EncryptCookies->handle(Object(Illuminate\Http\Request), Object(Closure))
#22 C:\laragon\www\YI-MT\vendor\laravel\framework\src\Illuminate\Routing\Pipeline.php(53): Illuminate\Pipeline\Pipeline->Illuminate\Pipeline\{closure}(Object(Illuminate\Http\Request))
#23 C:\laragon\www\YI-MT\vendor\laravel\framework\src\Illuminate\Pipeline\Pipeline.php(102): Illuminate\Routing\Pipeline->Illuminate\Routing\{closure}(Object(Illuminate\Http\Request))
#24 C:\laragon\www\YI-MT\vendor\laravel\framework\src\Illuminate\Routing\Router.php(576): Illuminate\Pipeline\Pipeline->then(Object(Closure))
#25 C:\laragon\www\YI-MT\vendor\laravel\framework\src\Illuminate\Routing\Router.php(535): Illuminate\Routing\Router->runRouteWithinStack(Object(Illuminate\Routing\Route), Object(Illuminate\Http\Request))
#26 C:\laragon\www\YI-MT\vendor\laravel\framework\src\Illuminate\Routing\Router.php(513): Illuminate\Routing\Router->dispatchToRoute(Object(Illuminate\Http\Request))
#27 C:\laragon\www\YI-MT\vendor\laravel\framework\src\Illuminate\Foundation\Http\Kernel.php(176): Illuminate\Routing\Router->dispatch(Object(Illuminate\Http\Request))
#28 C:\laragon\www\YI-MT\vendor\laravel\framework\src\Illuminate\Routing\Pipeline.php(30): Illuminate\Foundation\Http\Kernel->Illuminate\Foundation\Http\{closure}(Object(Illuminate\Http\Request))
#29 C:\laragon\www\YI-MT\vendor\laravel\framework\src\Illuminate\Foundation\Http\Middleware\TransformsRequest.php(30): Illuminate\Routing\Pipeline->Illuminate\Routing\{closure}(Object(Illuminate\Http\Request))
#30 C:\laragon\www\YI-MT\vendor\laravel\framework\src\Illuminate\Pipeline\Pipeline.php(148): Illuminate\Foundation\Http\Middleware\TransformsRequest->handle(Object(Illuminate\Http\Request), Object(Closure))
#31 C:\laragon\www\YI-MT\vendor\laravel\framework\src\Illuminate\Routing\Pipeline.php(53): Illuminate\Pipeline\Pipeline->Illuminate\Pipeline\{closure}(Object(Illuminate\Http\Request))
#32 C:\laragon\www\YI-MT\vendor\laravel\framework\src\Illuminate\Foundation\Http\Middleware\TransformsRequest.php(30): Illuminate\Routing\Pipeline->Illuminate\Routing\{closure}(Object(Illuminate\Http\Request))
#33 C:\laragon\www\YI-MT\vendor\laravel\framework\src\Illuminate\Pipeline\Pipeline.php(148): Illuminate\Foundation\Http\Middleware\TransformsRequest->handle(Object(Illuminate\Http\Request), Object(Closure))
#34 C:\laragon\www\YI-MT\vendor\laravel\framework\src\Illuminate\Routing\Pipeline.php(53): Illuminate\Pipeline\Pipeline->Illuminate\Pipeline\{closure}(Object(Illuminate\Http\Request))
#35 C:\laragon\www\YI-MT\vendor\laravel\framework\src\Illuminate\Foundation\Http\Middleware\ValidatePostSize.php(27): Illuminate\Routing\Pipeline->Illuminate\Routing\{closure}(Object(Illuminate\Http\Request))
#36 C:\laragon\www\YI-MT\vendor\laravel\framework\src\Illuminate\Pipeline\Pipeline.php(148): Illuminate\Foundation\Http\Middleware\ValidatePostSize->handle(Object(Illuminate\Http\Request), Object(Closure))
#37 C:\laragon\www\YI-MT\vendor\laravel\framework\src\Illuminate\Routing\Pipeline.php(53): Illuminate\Pipeline\Pipeline->Illuminate\Pipeline\{closure}(Object(Illuminate\Http\Request))
#38 C:\laragon\www\YI-MT\vendor\laravel\framework\src\Illuminate\Foundation\Http\Middleware\CheckForMaintenanceMode.php(46): Illuminate\Routing\Pipeline->Illuminate\Routing\{closure}(Object(Illuminate\Http\Request))
#39 C:\laragon\www\YI-MT\vendor\laravel\framework\src\Illuminate\Pipeline\Pipeline.php(148): Illuminate\Foundation\Http\Middleware\CheckForMaintenanceMode->handle(Object(Illuminate\Http\Request), Object(Closure))
#40 C:\laragon\www\YI-MT\vendor\laravel\framework\src\Illuminate\Routing\Pipeline.php(53): Illuminate\Pipeline\Pipeline->Illuminate\Pipeline\{closure}(Object(Illuminate\Http\Request))
#41 C:\laragon\www\YI-MT\vendor\laravel\framework\src\Illuminate\Pipeline\Pipeline.php(102): Illuminate\Routing\Pipeline->Illuminate\Routing\{closure}(Object(Illuminate\Http\Request))
#42 C:\laragon\www\YI-MT\vendor\laravel\framework\src\Illuminate\Foundation\Http\Kernel.php(151): Illuminate\Pipeline\Pipeline->then(Object(Closure))
#43 C:\laragon\www\YI-MT\vendor\laravel\framework\src\Illuminate\Foundation\Http\Kernel.php(116): Illuminate\Foundation\Http\Kernel->sendRequestThroughRouter(Object(Illuminate\Http\Request))
#44 C:\laragon\www\YI-MT\public\index.php(53): Illuminate\Foundation\Http\Kernel->handle(Object(Illuminate\Http\Request))
#45 {main}  
[2019-03-11 11:45:37] local.ERROR: Symfony\Component\Debug\Exception\FatalThrowableError: Parse error: syntax error, unexpected ',', expecting ']' in C:\laragon\www\YI-MT\app\Http\Controllers\MT\Promotion\PromotionController.php:32
Stack trace:
#0 C:\laragon\www\YI-MT\vendor\composer\ClassLoader.php(322): Composer\Autoload\includeFile('C:\\laragon\\www\\...')
#1 [internal function]: Composer\Autoload\ClassLoader->loadClass('YellowProject\\H...')
#2 [internal function]: spl_autoload_call('YellowProject\\H...')
#3 C:\laragon\www\YI-MT\vendor\laravel\framework\src\Illuminate\Container\Container.php(729): ReflectionClass->__construct('YellowProject\\H...')
#4 C:\laragon\www\YI-MT\vendor\laravel\framework\src\Illuminate\Container\Container.php(608): Illuminate\Container\Container->build('YellowProject\\H...')
#5 C:\laragon\www\YI-MT\vendor\laravel\framework\src\Illuminate\Container\Container.php(575): Illuminate\Container\Container->resolve('YellowProject\\H...')
#6 C:\laragon\www\YI-MT\vendor\laravel\framework\src\Illuminate\Foundation\Application.php(728): Illuminate\Container\Container->make('YellowProject\\H...')
#7 C:\laragon\www\YI-MT\vendor\laravel\framework\src\Illuminate\Routing\Route.php(217): Illuminate\Foundation\Application->make('YellowProject\\H...')
#8 C:\laragon\www\YI-MT\vendor\laravel\framework\src\Illuminate\Routing\Route.php(747): Illuminate\Routing\Route->getController()
#9 C:\laragon\www\YI-MT\vendor\laravel\framework\src\Illuminate\Routing\Route.php(708): Illuminate\Routing\Route->controllerMiddleware()
#10 C:\laragon\www\YI-MT\vendor\laravel\framework\src\Illuminate\Routing\Router.php(587): Illuminate\Routing\Route->gatherMiddleware()
#11 C:\laragon\www\YI-MT\vendor\laravel\framework\src\Illuminate\Routing\Router.php(567): Illuminate\Routing\Router->gatherRouteMiddleware(Object(Illuminate\Routing\Route))
#12 C:\laragon\www\YI-MT\vendor\laravel\framework\src\Illuminate\Routing\Router.php(535): Illuminate\Routing\Router->runRouteWithinStack(Object(Illuminate\Routing\Route), Object(Illuminate\Http\Request))
#13 C:\laragon\www\YI-MT\vendor\laravel\framework\src\Illuminate\Routing\Router.php(513): Illuminate\Routing\Router->dispatchToRoute(Object(Illuminate\Http\Request))
#14 C:\laragon\www\YI-MT\vendor\laravel\framework\src\Illuminate\Foundation\Http\Kernel.php(176): Illuminate\Routing\Router->dispatch(Object(Illuminate\Http\Request))
#15 C:\laragon\www\YI-MT\vendor\laravel\framework\src\Illuminate\Routing\Pipeline.php(30): Illuminate\Foundation\Http\Kernel->Illuminate\Foundation\Http\{closure}(Object(Illuminate\Http\Request))
#16 C:\laragon\www\YI-MT\vendor\laravel\framework\src\Illuminate\Foundation\Http\Middleware\TransformsRequest.php(30): Illuminate\Routing\Pipeline->Illuminate\Routing\{closure}(Object(Illuminate\Http\Request))
#17 C:\laragon\www\YI-MT\vendor\laravel\framework\src\Illuminate\Pipeline\Pipeline.php(148): Illuminate\Foundation\Http\Middleware\TransformsRequest->handle(Object(Illuminate\Http\Request), Object(Closure))
#18 C:\laragon\www\YI-MT\vendor\laravel\framework\src\Illuminate\Routing\Pipeline.php(53): Illuminate\Pipeline\Pipeline->Illuminate\Pipeline\{closure}(Object(Illuminate\Http\Request))
#19 C:\laragon\www\YI-MT\vendor\laravel\framework\src\Illuminate\Foundation\Http\Middleware\TransformsRequest.php(30): Illuminate\Routing\Pipeline->Illuminate\Routing\{closure}(Object(Illuminate\Http\Request))
#20 C:\laragon\www\YI-MT\vendor\laravel\framework\src\Illuminate\Pipeline\Pipeline.php(148): Illuminate\Foundation\Http\Middleware\TransformsRequest->handle(Object(Illuminate\Http\Request), Object(Closure))
#21 C:\laragon\www\YI-MT\vendor\laravel\framework\src\Illuminate\Routing\Pipeline.php(53): Illuminate\Pipeline\Pipeline->Illuminate\Pipeline\{closure}(Object(Illuminate\Http\Request))
#22 C:\laragon\www\YI-MT\vendor\laravel\framework\src\Illuminate\Foundation\Http\Middleware\ValidatePostSize.php(27): Illuminate\Routing\Pipeline->Illuminate\Routing\{closure}(Object(Illuminate\Http\Request))
#23 C:\laragon\www\YI-MT\vendor\laravel\framework\src\Illuminate\Pipeline\Pipeline.php(148): Illuminate\Foundation\Http\Middleware\ValidatePostSize->handle(Object(Illuminate\Http\Request), Object(Closure))
#24 C:\laragon\www\YI-MT\vendor\laravel\framework\src\Illuminate\Routing\Pipeline.php(53): Illuminate\Pipeline\Pipeline->Illuminate\Pipeline\{closure}(Object(Illuminate\Http\Request))
#25 C:\laragon\www\YI-MT\vendor\laravel\framework\src\Illuminate\Foundation\Http\Middleware\CheckForMaintenanceMode.php(46): Illuminate\Routing\Pipeline->Illuminate\Routing\{closure}(Object(Illuminate\Http\Request))
#26 C:\laragon\www\YI-MT\vendor\laravel\framework\src\Illuminate\Pipeline\Pipeline.php(148): Illuminate\Foundation\Http\Middleware\CheckForMaintenanceMode->handle(Object(Illuminate\Http\Request), Object(Closure))
#27 C:\laragon\www\YI-MT\vendor\laravel\framework\src\Illuminate\Routing\Pipeline.php(53): Illuminate\Pipeline\Pipeline->Illuminate\Pipeline\{closure}(Object(Illuminate\Http\Request))
#28 C:\laragon\www\YI-MT\vendor\laravel\framework\src\Illuminate\Pipeline\Pipeline.php(102): Illuminate\Routing\Pipeline->Illuminate\Routing\{closure}(Object(Illuminate\Http\Request))
#29 C:\laragon\www\YI-MT\vendor\laravel\framework\src\Illuminate\Foundation\Http\Kernel.php(151): Illuminate\Pipeline\Pipeline->then(Object(Closure))
#30 C:\laragon\www\YI-MT\vendor\laravel\framework\src\Illuminate\Foundation\Http\Kernel.php(116): Illuminate\Foundation\Http\Kernel->sendRequestThroughRouter(Object(Illuminate\Http\Request))
#31 C:\laragon\www\YI-MT\public\index.php(53): Illuminate\Foundation\Http\Kernel->handle(Object(Illuminate\Http\Request))
#32 {main}  
[2019-03-11 12:03:40] local.ERROR: ErrorException: Undefined index: you in C:\laragon\www\YI-MT\app\Http\Controllers\MT\Promotion\PromotionController.php:26
Stack trace:
#0 C:\laragon\www\YI-MT\app\Http\Controllers\MT\Promotion\PromotionController.php(26): Illuminate\Foundation\Bootstrap\HandleExceptions->handleError(8, 'Undefined index...', 'C:\\laragon\\www\\...', 26, Array)
#1 [internal function]: YellowProject\Http\Controllers\MT\Promotion\PromotionController->index()
#2 C:\laragon\www\YI-MT\vendor\laravel\framework\src\Illuminate\Routing\Controller.php(55): call_user_func_array(Array, Array)
#3 C:\laragon\www\YI-MT\vendor\laravel\framework\src\Illuminate\Routing\ControllerDispatcher.php(44): Illuminate\Routing\Controller->callAction('index', Array)
#4 C:\laragon\www\YI-MT\vendor\laravel\framework\src\Illuminate\Routing\Route.php(203): Illuminate\Routing\ControllerDispatcher->dispatch(Object(Illuminate\Routing\Route), Object(YellowProject\Http\Controllers\MT\Promotion\PromotionController), 'index')
#5 C:\laragon\www\YI-MT\vendor\laravel\framework\src\Illuminate\Routing\Route.php(160): Illuminate\Routing\Route->runController()
#6 C:\laragon\www\YI-MT\vendor\laravel\framework\src\Illuminate\Routing\Router.php(574): Illuminate\Routing\Route->run()
#7 C:\laragon\www\YI-MT\vendor\laravel\framework\src\Illuminate\Routing\Pipeline.php(30): Illuminate\Routing\Router->Illuminate\Routing\{closure}(Object(Illuminate\Http\Request))
#8 C:\laragon\www\YI-MT\vendor\laravel\framework\src\Illuminate\Routing\Middleware\SubstituteBindings.php(41): Illuminate\Routing\Pipeline->Illuminate\Routing\{closure}(Object(Illuminate\Http\Request))
#9 C:\laragon\www\YI-MT\vendor\laravel\framework\src\Illuminate\Pipeline\Pipeline.php(148): Illuminate\Routing\Middleware\SubstituteBindings->handle(Object(Illuminate\Http\Request), Object(Closure))
#10 C:\laragon\www\YI-MT\vendor\laravel\framework\src\Illuminate\Routing\Pipeline.php(53): Illuminate\Pipeline\Pipeline->Illuminate\Pipeline\{closure}(Object(Illuminate\Http\Request))
#11 C:\laragon\www\YI-MT\vendor\laravel\framework\src\Illuminate\View\Middleware\ShareErrorsFromSession.php(49): Illuminate\Routing\Pipeline->Illuminate\Routing\{closure}(Object(Illuminate\Http\Request))
#12 C:\laragon\www\YI-MT\vendor\laravel\framework\src\Illuminate\Pipeline\Pipeline.php(148): Illuminate\View\Middleware\ShareErrorsFromSession->handle(Object(Illuminate\Http\Request), Object(Closure))
#13 C:\laragon\www\YI-MT\vendor\laravel\framework\src\Illuminate\Routing\Pipeline.php(53): Illuminate\Pipeline\Pipeline->Illuminate\Pipeline\{closure}(Object(Illuminate\Http\Request))
#14 C:\laragon\www\YI-MT\vendor\laravel\framework\src\Illuminate\Session\Middleware\StartSession.php(64): Illuminate\Routing\Pipeline->Illuminate\Routing\{closure}(Object(Illuminate\Http\Request))
#15 C:\laragon\www\YI-MT\vendor\laravel\framework\src\Illuminate\Pipeline\Pipeline.php(148): Illuminate\Session\Middleware\StartSession->handle(Object(Illuminate\Http\Request), Object(Closure))
#16 C:\laragon\www\YI-MT\vendor\laravel\framework\src\Illuminate\Routing\Pipeline.php(53): Illuminate\Pipeline\Pipeline->Illuminate\Pipeline\{closure}(Object(Illuminate\Http\Request))
#17 C:\laragon\www\YI-MT\vendor\laravel\framework\src\Illuminate\Cookie\Middleware\AddQueuedCookiesToResponse.php(37): Illuminate\Routing\Pipeline->Illuminate\Routing\{closure}(Object(Illuminate\Http\Request))
#18 C:\laragon\www\YI-MT\vendor\laravel\framework\src\Illuminate\Pipeline\Pipeline.php(148): Illuminate\Cookie\Middleware\AddQueuedCookiesToResponse->handle(Object(Illuminate\Http\Request), Object(Closure))
#19 C:\laragon\www\YI-MT\vendor\laravel\framework\src\Illuminate\Routing\Pipeline.php(53): Illuminate\Pipeline\Pipeline->Illuminate\Pipeline\{closure}(Object(Illuminate\Http\Request))
#20 C:\laragon\www\YI-MT\vendor\laravel\framework\src\Illuminate\Cookie\Middleware\EncryptCookies.php(59): Illuminate\Routing\Pipeline->Illuminate\Routing\{closure}(Object(Illuminate\Http\Request))
#21 C:\laragon\www\YI-MT\vendor\laravel\framework\src\Illuminate\Pipeline\Pipeline.php(148): Illuminate\Cookie\Middleware\EncryptCookies->handle(Object(Illuminate\Http\Request), Object(Closure))
#22 C:\laragon\www\YI-MT\vendor\laravel\framework\src\Illuminate\Routing\Pipeline.php(53): Illuminate\Pipeline\Pipeline->Illuminate\Pipeline\{closure}(Object(Illuminate\Http\Request))
#23 C:\laragon\www\YI-MT\vendor\laravel\framework\src\Illuminate\Pipeline\Pipeline.php(102): Illuminate\Routing\Pipeline->Illuminate\Routing\{closure}(Object(Illuminate\Http\Request))
#24 C:\laragon\www\YI-MT\vendor\laravel\framework\src\Illuminate\Routing\Router.php(576): Illuminate\Pipeline\Pipeline->then(Object(Closure))
#25 C:\laragon\www\YI-MT\vendor\laravel\framework\src\Illuminate\Routing\Router.php(535): Illuminate\Routing\Router->runRouteWithinStack(Object(Illuminate\Routing\Route), Object(Illuminate\Http\Request))
#26 C:\laragon\www\YI-MT\vendor\laravel\framework\src\Illuminate\Routing\Router.php(513): Illuminate\Routing\Router->dispatchToRoute(Object(Illuminate\Http\Request))
#27 C:\laragon\www\YI-MT\vendor\laravel\framework\src\Illuminate\Foundation\Http\Kernel.php(176): Illuminate\Routing\Router->dispatch(Object(Illuminate\Http\Request))
#28 C:\laragon\www\YI-MT\vendor\laravel\framework\src\Illuminate\Routing\Pipeline.php(30): Illuminate\Foundation\Http\Kernel->Illuminate\Foundation\Http\{closure}(Object(Illuminate\Http\Request))
#29 C:\laragon\www\YI-MT\vendor\laravel\framework\src\Illuminate\Foundation\Http\Middleware\TransformsRequest.php(30): Illuminate\Routing\Pipeline->Illuminate\Routing\{closure}(Object(Illuminate\Http\Request))
#30 C:\laragon\www\YI-MT\vendor\laravel\framework\src\Illuminate\Pipeline\Pipeline.php(148): Illuminate\Foundation\Http\Middleware\TransformsRequest->handle(Object(Illuminate\Http\Request), Object(Closure))
#31 C:\laragon\www\YI-MT\vendor\laravel\framework\src\Illuminate\Routing\Pipeline.php(53): Illuminate\Pipeline\Pipeline->Illuminate\Pipeline\{closure}(Object(Illuminate\Http\Request))
#32 C:\laragon\www\YI-MT\vendor\laravel\framework\src\Illuminate\Foundation\Http\Middleware\TransformsRequest.php(30): Illuminate\Routing\Pipeline->Illuminate\Routing\{closure}(Object(Illuminate\Http\Request))
#33 C:\laragon\www\YI-MT\vendor\laravel\framework\src\Illuminate\Pipeline\Pipeline.php(148): Illuminate\Foundation\Http\Middleware\TransformsRequest->handle(Object(Illuminate\Http\Request), Object(Closure))
#34 C:\laragon\www\YI-MT\vendor\laravel\framework\src\Illuminate\Routing\Pipeline.php(53): Illuminate\Pipeline\Pipeline->Illuminate\Pipeline\{closure}(Object(Illuminate\Http\Request))
#35 C:\laragon\www\YI-MT\vendor\laravel\framework\src\Illuminate\Foundation\Http\Middleware\ValidatePostSize.php(27): Illuminate\Routing\Pipeline->Illuminate\Routing\{closure}(Object(Illuminate\Http\Request))
#36 C:\laragon\www\YI-MT\vendor\laravel\framework\src\Illuminate\Pipeline\Pipeline.php(148): Illuminate\Foundation\Http\Middleware\ValidatePostSize->handle(Object(Illuminate\Http\Request), Object(Closure))
#37 C:\laragon\www\YI-MT\vendor\laravel\framework\src\Illuminate\Routing\Pipeline.php(53): Illuminate\Pipeline\Pipeline->Illuminate\Pipeline\{closure}(Object(Illuminate\Http\Request))
#38 C:\laragon\www\YI-MT\vendor\laravel\framework\src\Illuminate\Foundation\Http\Middleware\CheckForMaintenanceMode.php(46): Illuminate\Routing\Pipeline->Illuminate\Routing\{closure}(Object(Illuminate\Http\Request))
#39 C:\laragon\www\YI-MT\vendor\laravel\framework\src\Illuminate\Pipeline\Pipeline.php(148): Illuminate\Foundation\Http\Middleware\CheckForMaintenanceMode->handle(Object(Illuminate\Http\Request), Object(Closure))
#40 C:\laragon\www\YI-MT\vendor\laravel\framework\src\Illuminate\Routing\Pipeline.php(53): Illuminate\Pipeline\Pipeline->Illuminate\Pipeline\{closure}(Object(Illuminate\Http\Request))
#41 C:\laragon\www\YI-MT\vendor\laravel\framework\src\Illuminate\Pipeline\Pipeline.php(102): Illuminate\Routing\Pipeline->Illuminate\Routing\{closure}(Object(Illuminate\Http\Request))
#42 C:\laragon\www\YI-MT\vendor\laravel\framework\src\Illuminate\Foundation\Http\Kernel.php(151): Illuminate\Pipeline\Pipeline->then(Object(Closure))
#43 C:\laragon\www\YI-MT\vendor\laravel\framework\src\Illuminate\Foundation\Http\Kernel.php(116): Illuminate\Foundation\Http\Kernel->sendRequestThroughRouter(Object(Illuminate\Http\Request))
#44 C:\laragon\www\YI-MT\public\index.php(53): Illuminate\Foundation\Http\Kernel->handle(Object(Illuminate\Http\Request))
#45 {main}  
[2019-03-11 12:03:48] local.ERROR: ErrorException: Undefined index: how.you in C:\laragon\www\YI-MT\app\Http\Controllers\MT\Promotion\PromotionController.php:26
Stack trace:
#0 C:\laragon\www\YI-MT\app\Http\Controllers\MT\Promotion\PromotionController.php(26): Illuminate\Foundation\Bootstrap\HandleExceptions->handleError(8, 'Undefined index...', 'C:\\laragon\\www\\...', 26, Array)
#1 [internal function]: YellowProject\Http\Controllers\MT\Promotion\PromotionController->index()
#2 C:\laragon\www\YI-MT\vendor\laravel\framework\src\Illuminate\Routing\Controller.php(55): call_user_func_array(Array, Array)
#3 C:\laragon\www\YI-MT\vendor\laravel\framework\src\Illuminate\Routing\ControllerDispatcher.php(44): Illuminate\Routing\Controller->callAction('index', Array)
#4 C:\laragon\www\YI-MT\vendor\laravel\framework\src\Illuminate\Routing\Route.php(203): Illuminate\Routing\ControllerDispatcher->dispatch(Object(Illuminate\Routing\Route), Object(YellowProject\Http\Controllers\MT\Promotion\PromotionController), 'index')
#5 C:\laragon\www\YI-MT\vendor\laravel\framework\src\Illuminate\Routing\Route.php(160): Illuminate\Routing\Route->runController()
#6 C:\laragon\www\YI-MT\vendor\laravel\framework\src\Illuminate\Routing\Router.php(574): Illuminate\Routing\Route->run()
#7 C:\laragon\www\YI-MT\vendor\laravel\framework\src\Illuminate\Routing\Pipeline.php(30): Illuminate\Routing\Router->Illuminate\Routing\{closure}(Object(Illuminate\Http\Request))
#8 C:\laragon\www\YI-MT\vendor\laravel\framework\src\Illuminate\Routing\Middleware\SubstituteBindings.php(41): Illuminate\Routing\Pipeline->Illuminate\Routing\{closure}(Object(Illuminate\Http\Request))
#9 C:\laragon\www\YI-MT\vendor\laravel\framework\src\Illuminate\Pipeline\Pipeline.php(148): Illuminate\Routing\Middleware\SubstituteBindings->handle(Object(Illuminate\Http\Request), Object(Closure))
#10 C:\laragon\www\YI-MT\vendor\laravel\framework\src\Illuminate\Routing\Pipeline.php(53): Illuminate\Pipeline\Pipeline->Illuminate\Pipeline\{closure}(Object(Illuminate\Http\Request))
#11 C:\laragon\www\YI-MT\vendor\laravel\framework\src\Illuminate\View\Middleware\ShareErrorsFromSession.php(49): Illuminate\Routing\Pipeline->Illuminate\Routing\{closure}(Object(Illuminate\Http\Request))
#12 C:\laragon\www\YI-MT\vendor\laravel\framework\src\Illuminate\Pipeline\Pipeline.php(148): Illuminate\View\Middleware\ShareErrorsFromSession->handle(Object(Illuminate\Http\Request), Object(Closure))
#13 C:\laragon\www\YI-MT\vendor\laravel\framework\src\Illuminate\Routing\Pipeline.php(53): Illuminate\Pipeline\Pipeline->Illuminate\Pipeline\{closure}(Object(Illuminate\Http\Request))
#14 C:\laragon\www\YI-MT\vendor\laravel\framework\src\Illuminate\Session\Middleware\StartSession.php(64): Illuminate\Routing\Pipeline->Illuminate\Routing\{closure}(Object(Illuminate\Http\Request))
#15 C:\laragon\www\YI-MT\vendor\laravel\framework\src\Illuminate\Pipeline\Pipeline.php(148): Illuminate\Session\Middleware\StartSession->handle(Object(Illuminate\Http\Request), Object(Closure))
#16 C:\laragon\www\YI-MT\vendor\laravel\framework\src\Illuminate\Routing\Pipeline.php(53): Illuminate\Pipeline\Pipeline->Illuminate\Pipeline\{closure}(Object(Illuminate\Http\Request))
#17 C:\laragon\www\YI-MT\vendor\laravel\framework\src\Illuminate\Cookie\Middleware\AddQueuedCookiesToResponse.php(37): Illuminate\Routing\Pipeline->Illuminate\Routing\{closure}(Object(Illuminate\Http\Request))
#18 C:\laragon\www\YI-MT\vendor\laravel\framework\src\Illuminate\Pipeline\Pipeline.php(148): Illuminate\Cookie\Middleware\AddQueuedCookiesToResponse->handle(Object(Illuminate\Http\Request), Object(Closure))
#19 C:\laragon\www\YI-MT\vendor\laravel\framework\src\Illuminate\Routing\Pipeline.php(53): Illuminate\Pipeline\Pipeline->Illuminate\Pipeline\{closure}(Object(Illuminate\Http\Request))
#20 C:\laragon\www\YI-MT\vendor\laravel\framework\src\Illuminate\Cookie\Middleware\EncryptCookies.php(59): Illuminate\Routing\Pipeline->Illuminate\Routing\{closure}(Object(Illuminate\Http\Request))
#21 C:\laragon\www\YI-MT\vendor\laravel\framework\src\Illuminate\Pipeline\Pipeline.php(148): Illuminate\Cookie\Middleware\EncryptCookies->handle(Object(Illuminate\Http\Request), Object(Closure))
#22 C:\laragon\www\YI-MT\vendor\laravel\framework\src\Illuminate\Routing\Pipeline.php(53): Illuminate\Pipeline\Pipeline->Illuminate\Pipeline\{closure}(Object(Illuminate\Http\Request))
#23 C:\laragon\www\YI-MT\vendor\laravel\framework\src\Illuminate\Pipeline\Pipeline.php(102): Illuminate\Routing\Pipeline->Illuminate\Routing\{closure}(Object(Illuminate\Http\Request))
#24 C:\laragon\www\YI-MT\vendor\laravel\framework\src\Illuminate\Routing\Router.php(576): Illuminate\Pipeline\Pipeline->then(Object(Closure))
#25 C:\laragon\www\YI-MT\vendor\laravel\framework\src\Illuminate\Routing\Router.php(535): Illuminate\Routing\Router->runRouteWithinStack(Object(Illuminate\Routing\Route), Object(Illuminate\Http\Request))
#26 C:\laragon\www\YI-MT\vendor\laravel\framework\src\Illuminate\Routing\Router.php(513): Illuminate\Routing\Router->dispatchToRoute(Object(Illuminate\Http\Request))
#27 C:\laragon\www\YI-MT\vendor\laravel\framework\src\Illuminate\Foundation\Http\Kernel.php(176): Illuminate\Routing\Router->dispatch(Object(Illuminate\Http\Request))
#28 C:\laragon\www\YI-MT\vendor\laravel\framework\src\Illuminate\Routing\Pipeline.php(30): Illuminate\Foundation\Http\Kernel->Illuminate\Foundation\Http\{closure}(Object(Illuminate\Http\Request))
#29 C:\laragon\www\YI-MT\vendor\laravel\framework\src\Illuminate\Foundation\Http\Middleware\TransformsRequest.php(30): Illuminate\Routing\Pipeline->Illuminate\Routing\{closure}(Object(Illuminate\Http\Request))
#30 C:\laragon\www\YI-MT\vendor\laravel\framework\src\Illuminate\Pipeline\Pipeline.php(148): Illuminate\Foundation\Http\Middleware\TransformsRequest->handle(Object(Illuminate\Http\Request), Object(Closure))
#31 C:\laragon\www\YI-MT\vendor\laravel\framework\src\Illuminate\Routing\Pipeline.php(53): Illuminate\Pipeline\Pipeline->Illuminate\Pipeline\{closure}(Object(Illuminate\Http\Request))
#32 C:\laragon\www\YI-MT\vendor\laravel\framework\src\Illuminate\Foundation\Http\Middleware\TransformsRequest.php(30): Illuminate\Routing\Pipeline->Illuminate\Routing\{closure}(Object(Illuminate\Http\Request))
#33 C:\laragon\www\YI-MT\vendor\laravel\framework\src\Illuminate\Pipeline\Pipeline.php(148): Illuminate\Foundation\Http\Middleware\TransformsRequest->handle(Object(Illuminate\Http\Request), Object(Closure))
#34 C:\laragon\www\YI-MT\vendor\laravel\framework\src\Illuminate\Routing\Pipeline.php(53): Illuminate\Pipeline\Pipeline->Illuminate\Pipeline\{closure}(Object(Illuminate\Http\Request))
#35 C:\laragon\www\YI-MT\vendor\laravel\framework\src\Illuminate\Foundation\Http\Middleware\ValidatePostSize.php(27): Illuminate\Routing\Pipeline->Illuminate\Routing\{closure}(Object(Illuminate\Http\Request))
#36 C:\laragon\www\YI-MT\vendor\laravel\framework\src\Illuminate\Pipeline\Pipeline.php(148): Illuminate\Foundation\Http\Middleware\ValidatePostSize->handle(Object(Illuminate\Http\Request), Object(Closure))
#37 C:\laragon\www\YI-MT\vendor\laravel\framework\src\Illuminate\Routing\Pipeline.php(53): Illuminate\Pipeline\Pipeline->Illuminate\Pipeline\{closure}(Object(Illuminate\Http\Request))
#38 C:\laragon\www\YI-MT\vendor\laravel\framework\src\Illuminate\Foundation\Http\Middleware\CheckForMaintenanceMode.php(46): Illuminate\Routing\Pipeline->Illuminate\Routing\{closure}(Object(Illuminate\Http\Request))
#39 C:\laragon\www\YI-MT\vendor\laravel\framework\src\Illuminate\Pipeline\Pipeline.php(148): Illuminate\Foundation\Http\Middleware\CheckForMaintenanceMode->handle(Object(Illuminate\Http\Request), Object(Closure))
#40 C:\laragon\www\YI-MT\vendor\laravel\framework\src\Illuminate\Routing\Pipeline.php(53): Illuminate\Pipeline\Pipeline->Illuminate\Pipeline\{closure}(Object(Illuminate\Http\Request))
#41 C:\laragon\www\YI-MT\vendor\laravel\framework\src\Illuminate\Pipeline\Pipeline.php(102): Illuminate\Routing\Pipeline->Illuminate\Routing\{closure}(Object(Illuminate\Http\Request))
#42 C:\laragon\www\YI-MT\vendor\laravel\framework\src\Illuminate\Foundation\Http\Kernel.php(151): Illuminate\Pipeline\Pipeline->then(Object(Closure))
#43 C:\laragon\www\YI-MT\vendor\laravel\framework\src\Illuminate\Foundation\Http\Kernel.php(116): Illuminate\Foundation\Http\Kernel->sendRequestThroughRouter(Object(Illuminate\Http\Request))
#44 C:\laragon\www\YI-MT\public\index.php(53): Illuminate\Foundation\Http\Kernel->handle(Object(Illuminate\Http\Request))
#45 {main}  
[2019-03-11 12:04:32] local.ERROR: ErrorException: Undefined index: how.you in C:\laragon\www\YI-MT\app\Http\Controllers\MT\Promotion\PromotionController.php:26
Stack trace:
#0 C:\laragon\www\YI-MT\app\Http\Controllers\MT\Promotion\PromotionController.php(26): Illuminate\Foundation\Bootstrap\HandleExceptions->handleError(8, 'Undefined index...', 'C:\\laragon\\www\\...', 26, Array)
#1 [internal function]: YellowProject\Http\Controllers\MT\Promotion\PromotionController->index()
#2 C:\laragon\www\YI-MT\vendor\laravel\framework\src\Illuminate\Routing\Controller.php(55): call_user_func_array(Array, Array)
#3 C:\laragon\www\YI-MT\vendor\laravel\framework\src\Illuminate\Routing\ControllerDispatcher.php(44): Illuminate\Routing\Controller->callAction('index', Array)
#4 C:\laragon\www\YI-MT\vendor\laravel\framework\src\Illuminate\Routing\Route.php(203): Illuminate\Routing\ControllerDispatcher->dispatch(Object(Illuminate\Routing\Route), Object(YellowProject\Http\Controllers\MT\Promotion\PromotionController), 'index')
#5 C:\laragon\www\YI-MT\vendor\laravel\framework\src\Illuminate\Routing\Route.php(160): Illuminate\Routing\Route->runController()
#6 C:\laragon\www\YI-MT\vendor\laravel\framework\src\Illuminate\Routing\Router.php(574): Illuminate\Routing\Route->run()
#7 C:\laragon\www\YI-MT\vendor\laravel\framework\src\Illuminate\Routing\Pipeline.php(30): Illuminate\Routing\Router->Illuminate\Routing\{closure}(Object(Illuminate\Http\Request))
#8 C:\laragon\www\YI-MT\vendor\laravel\framework\src\Illuminate\Routing\Middleware\SubstituteBindings.php(41): Illuminate\Routing\Pipeline->Illuminate\Routing\{closure}(Object(Illuminate\Http\Request))
#9 C:\laragon\www\YI-MT\vendor\laravel\framework\src\Illuminate\Pipeline\Pipeline.php(148): Illuminate\Routing\Middleware\SubstituteBindings->handle(Object(Illuminate\Http\Request), Object(Closure))
#10 C:\laragon\www\YI-MT\vendor\laravel\framework\src\Illuminate\Routing\Pipeline.php(53): Illuminate\Pipeline\Pipeline->Illuminate\Pipeline\{closure}(Object(Illuminate\Http\Request))
#11 C:\laragon\www\YI-MT\vendor\laravel\framework\src\Illuminate\View\Middleware\ShareErrorsFromSession.php(49): Illuminate\Routing\Pipeline->Illuminate\Routing\{closure}(Object(Illuminate\Http\Request))
#12 C:\laragon\www\YI-MT\vendor\laravel\framework\src\Illuminate\Pipeline\Pipeline.php(148): Illuminate\View\Middleware\ShareErrorsFromSession->handle(Object(Illuminate\Http\Request), Object(Closure))
#13 C:\laragon\www\YI-MT\vendor\laravel\framework\src\Illuminate\Routing\Pipeline.php(53): Illuminate\Pipeline\Pipeline->Illuminate\Pipeline\{closure}(Object(Illuminate\Http\Request))
#14 C:\laragon\www\YI-MT\vendor\laravel\framework\src\Illuminate\Session\Middleware\StartSession.php(64): Illuminate\Routing\Pipeline->Illuminate\Routing\{closure}(Object(Illuminate\Http\Request))
#15 C:\laragon\www\YI-MT\vendor\laravel\framework\src\Illuminate\Pipeline\Pipeline.php(148): Illuminate\Session\Middleware\StartSession->handle(Object(Illuminate\Http\Request), Object(Closure))
#16 C:\laragon\www\YI-MT\vendor\laravel\framework\src\Illuminate\Routing\Pipeline.php(53): Illuminate\Pipeline\Pipeline->Illuminate\Pipeline\{closure}(Object(Illuminate\Http\Request))
#17 C:\laragon\www\YI-MT\vendor\laravel\framework\src\Illuminate\Cookie\Middleware\AddQueuedCookiesToResponse.php(37): Illuminate\Routing\Pipeline->Illuminate\Routing\{closure}(Object(Illuminate\Http\Request))
#18 C:\laragon\www\YI-MT\vendor\laravel\framework\src\Illuminate\Pipeline\Pipeline.php(148): Illuminate\Cookie\Middleware\AddQueuedCookiesToResponse->handle(Object(Illuminate\Http\Request), Object(Closure))
#19 C:\laragon\www\YI-MT\vendor\laravel\framework\src\Illuminate\Routing\Pipeline.php(53): Illuminate\Pipeline\Pipeline->Illuminate\Pipeline\{closure}(Object(Illuminate\Http\Request))
#20 C:\laragon\www\YI-MT\vendor\laravel\framework\src\Illuminate\Cookie\Middleware\EncryptCookies.php(59): Illuminate\Routing\Pipeline->Illuminate\Routing\{closure}(Object(Illuminate\Http\Request))
#21 C:\laragon\www\YI-MT\vendor\laravel\framework\src\Illuminate\Pipeline\Pipeline.php(148): Illuminate\Cookie\Middleware\EncryptCookies->handle(Object(Illuminate\Http\Request), Object(Closure))
#22 C:\laragon\www\YI-MT\vendor\laravel\framework\src\Illuminate\Routing\Pipeline.php(53): Illuminate\Pipeline\Pipeline->Illuminate\Pipeline\{closure}(Object(Illuminate\Http\Request))
#23 C:\laragon\www\YI-MT\vendor\laravel\framework\src\Illuminate\Pipeline\Pipeline.php(102): Illuminate\Routing\Pipeline->Illuminate\Routing\{closure}(Object(Illuminate\Http\Request))
#24 C:\laragon\www\YI-MT\vendor\laravel\framework\src\Illuminate\Routing\Router.php(576): Illuminate\Pipeline\Pipeline->then(Object(Closure))
#25 C:\laragon\www\YI-MT\vendor\laravel\framework\src\Illuminate\Routing\Router.php(535): Illuminate\Routing\Router->runRouteWithinStack(Object(Illuminate\Routing\Route), Object(Illuminate\Http\Request))
#26 C:\laragon\www\YI-MT\vendor\laravel\framework\src\Illuminate\Routing\Router.php(513): Illuminate\Routing\Router->dispatchToRoute(Object(Illuminate\Http\Request))
#27 C:\laragon\www\YI-MT\vendor\laravel\framework\src\Illuminate\Foundation\Http\Kernel.php(176): Illuminate\Routing\Router->dispatch(Object(Illuminate\Http\Request))
#28 C:\laragon\www\YI-MT\vendor\laravel\framework\src\Illuminate\Routing\Pipeline.php(30): Illuminate\Foundation\Http\Kernel->Illuminate\Foundation\Http\{closure}(Object(Illuminate\Http\Request))
#29 C:\laragon\www\YI-MT\vendor\laravel\framework\src\Illuminate\Foundation\Http\Middleware\TransformsRequest.php(30): Illuminate\Routing\Pipeline->Illuminate\Routing\{closure}(Object(Illuminate\Http\Request))
#30 C:\laragon\www\YI-MT\vendor\laravel\framework\src\Illuminate\Pipeline\Pipeline.php(148): Illuminate\Foundation\Http\Middleware\TransformsRequest->handle(Object(Illuminate\Http\Request), Object(Closure))
#31 C:\laragon\www\YI-MT\vendor\laravel\framework\src\Illuminate\Routing\Pipeline.php(53): Illuminate\Pipeline\Pipeline->Illuminate\Pipeline\{closure}(Object(Illuminate\Http\Request))
#32 C:\laragon\www\YI-MT\vendor\laravel\framework\src\Illuminate\Foundation\Http\Middleware\TransformsRequest.php(30): Illuminate\Routing\Pipeline->Illuminate\Routing\{closure}(Object(Illuminate\Http\Request))
#33 C:\laragon\www\YI-MT\vendor\laravel\framework\src\Illuminate\Pipeline\Pipeline.php(148): Illuminate\Foundation\Http\Middleware\TransformsRequest->handle(Object(Illuminate\Http\Request), Object(Closure))
#34 C:\laragon\www\YI-MT\vendor\laravel\framework\src\Illuminate\Routing\Pipeline.php(53): Illuminate\Pipeline\Pipeline->Illuminate\Pipeline\{closure}(Object(Illuminate\Http\Request))
#35 C:\laragon\www\YI-MT\vendor\laravel\framework\src\Illuminate\Foundation\Http\Middleware\ValidatePostSize.php(27): Illuminate\Routing\Pipeline->Illuminate\Routing\{closure}(Object(Illuminate\Http\Request))
#36 C:\laragon\www\YI-MT\vendor\laravel\framework\src\Illuminate\Pipeline\Pipeline.php(148): Illuminate\Foundation\Http\Middleware\ValidatePostSize->handle(Object(Illuminate\Http\Request), Object(Closure))
#37 C:\laragon\www\YI-MT\vendor\laravel\framework\src\Illuminate\Routing\Pipeline.php(53): Illuminate\Pipeline\Pipeline->Illuminate\Pipeline\{closure}(Object(Illuminate\Http\Request))
#38 C:\laragon\www\YI-MT\vendor\laravel\framework\src\Illuminate\Foundation\Http\Middleware\CheckForMaintenanceMode.php(46): Illuminate\Routing\Pipeline->Illuminate\Routing\{closure}(Object(Illuminate\Http\Request))
#39 C:\laragon\www\YI-MT\vendor\laravel\framework\src\Illuminate\Pipeline\Pipeline.php(148): Illuminate\Foundation\Http\Middleware\CheckForMaintenanceMode->handle(Object(Illuminate\Http\Request), Object(Closure))
#40 C:\laragon\www\YI-MT\vendor\laravel\framework\src\Illuminate\Routing\Pipeline.php(53): Illuminate\Pipeline\Pipeline->Illuminate\Pipeline\{closure}(Object(Illuminate\Http\Request))
#41 C:\laragon\www\YI-MT\vendor\laravel\framework\src\Illuminate\Pipeline\Pipeline.php(102): Illuminate\Routing\Pipeline->Illuminate\Routing\{closure}(Object(Illuminate\Http\Request))
#42 C:\laragon\www\YI-MT\vendor\laravel\framework\src\Illuminate\Foundation\Http\Kernel.php(151): Illuminate\Pipeline\Pipeline->then(Object(Closure))
#43 C:\laragon\www\YI-MT\vendor\laravel\framework\src\Illuminate\Foundation\Http\Kernel.php(116): Illuminate\Foundation\Http\Kernel->sendRequestThroughRouter(Object(Illuminate\Http\Request))
#44 C:\laragon\www\YI-MT\public\index.php(53): Illuminate\Foundation\Http\Kernel->handle(Object(Illuminate\Http\Request))
#45 {main}  
[2019-03-11 14:17:31] local.ERROR: Symfony\Component\Debug\Exception\FatalThrowableError: Type error: Too few arguments to function YellowProject\Http\Controllers\MainController::addSession(), 1 passed in C:\laragon\www\YI-MT\app\Http\Controllers\MT\Shop\ShopController.php on line 24 and exactly 2 expected in C:\laragon\www\YI-MT\app\Traits\SessionFunc.php:48
Stack trace:
#0 C:\laragon\www\YI-MT\app\Http\Controllers\MT\Shop\ShopController.php(24): YellowProject\Http\Controllers\MainController->addSession(Array)
#1 [internal function]: YellowProject\Http\Controllers\MT\Shop\ShopController->show('1')
#2 C:\laragon\www\YI-MT\vendor\laravel\framework\src\Illuminate\Routing\Controller.php(55): call_user_func_array(Array, Array)
#3 C:\laragon\www\YI-MT\vendor\laravel\framework\src\Illuminate\Routing\ControllerDispatcher.php(44): Illuminate\Routing\Controller->callAction('show', Array)
#4 C:\laragon\www\YI-MT\vendor\laravel\framework\src\Illuminate\Routing\Route.php(203): Illuminate\Routing\ControllerDispatcher->dispatch(Object(Illuminate\Routing\Route), Object(YellowProject\Http\Controllers\MT\Shop\ShopController), 'show')
#5 C:\laragon\www\YI-MT\vendor\laravel\framework\src\Illuminate\Routing\Route.php(160): Illuminate\Routing\Route->runController()
#6 C:\laragon\www\YI-MT\vendor\laravel\framework\src\Illuminate\Routing\Router.php(574): Illuminate\Routing\Route->run()
#7 C:\laragon\www\YI-MT\vendor\laravel\framework\src\Illuminate\Routing\Pipeline.php(30): Illuminate\Routing\Router->Illuminate\Routing\{closure}(Object(Illuminate\Http\Request))
#8 C:\laragon\www\YI-MT\vendor\laravel\framework\src\Illuminate\Routing\Middleware\SubstituteBindings.php(41): Illuminate\Routing\Pipeline->Illuminate\Routing\{closure}(Object(Illuminate\Http\Request))
#9 C:\laragon\www\YI-MT\vendor\laravel\framework\src\Illuminate\Pipeline\Pipeline.php(148): Illuminate\Routing\Middleware\SubstituteBindings->handle(Object(Illuminate\Http\Request), Object(Closure))
#10 C:\laragon\www\YI-MT\vendor\laravel\framework\src\Illuminate\Routing\Pipeline.php(53): Illuminate\Pipeline\Pipeline->Illuminate\Pipeline\{closure}(Object(Illuminate\Http\Request))
#11 C:\laragon\www\YI-MT\vendor\laravel\framework\src\Illuminate\View\Middleware\ShareErrorsFromSession.php(49): Illuminate\Routing\Pipeline->Illuminate\Routing\{closure}(Object(Illuminate\Http\Request))
#12 C:\laragon\www\YI-MT\vendor\laravel\framework\src\Illuminate\Pipeline\Pipeline.php(148): Illuminate\View\Middleware\ShareErrorsFromSession->handle(Object(Illuminate\Http\Request), Object(Closure))
#13 C:\laragon\www\YI-MT\vendor\laravel\framework\src\Illuminate\Routing\Pipeline.php(53): Illuminate\Pipeline\Pipeline->Illuminate\Pipeline\{closure}(Object(Illuminate\Http\Request))
#14 C:\laragon\www\YI-MT\vendor\laravel\framework\src\Illuminate\Session\Middleware\StartSession.php(64): Illuminate\Routing\Pipeline->Illuminate\Routing\{closure}(Object(Illuminate\Http\Request))
#15 C:\laragon\www\YI-MT\vendor\laravel\framework\src\Illuminate\Pipeline\Pipeline.php(148): Illuminate\Session\Middleware\StartSession->handle(Object(Illuminate\Http\Request), Object(Closure))
#16 C:\laragon\www\YI-MT\vendor\laravel\framework\src\Illuminate\Routing\Pipeline.php(53): Illuminate\Pipeline\Pipeline->Illuminate\Pipeline\{closure}(Object(Illuminate\Http\Request))
#17 C:\laragon\www\YI-MT\vendor\laravel\framework\src\Illuminate\Cookie\Middleware\AddQueuedCookiesToResponse.php(37): Illuminate\Routing\Pipeline->Illuminate\Routing\{closure}(Object(Illuminate\Http\Request))
#18 C:\laragon\www\YI-MT\vendor\laravel\framework\src\Illuminate\Pipeline\Pipeline.php(148): Illuminate\Cookie\Middleware\AddQueuedCookiesToResponse->handle(Object(Illuminate\Http\Request), Object(Closure))
#19 C:\laragon\www\YI-MT\vendor\laravel\framework\src\Illuminate\Routing\Pipeline.php(53): Illuminate\Pipeline\Pipeline->Illuminate\Pipeline\{closure}(Object(Illuminate\Http\Request))
#20 C:\laragon\www\YI-MT\vendor\laravel\framework\src\Illuminate\Cookie\Middleware\EncryptCookies.php(59): Illuminate\Routing\Pipeline->Illuminate\Routing\{closure}(Object(Illuminate\Http\Request))
#21 C:\laragon\www\YI-MT\vendor\laravel\framework\src\Illuminate\Pipeline\Pipeline.php(148): Illuminate\Cookie\Middleware\EncryptCookies->handle(Object(Illuminate\Http\Request), Object(Closure))
#22 C:\laragon\www\YI-MT\vendor\laravel\framework\src\Illuminate\Routing\Pipeline.php(53): Illuminate\Pipeline\Pipeline->Illuminate\Pipeline\{closure}(Object(Illuminate\Http\Request))
#23 C:\laragon\www\YI-MT\vendor\laravel\framework\src\Illuminate\Pipeline\Pipeline.php(102): Illuminate\Routing\Pipeline->Illuminate\Routing\{closure}(Object(Illuminate\Http\Request))
#24 C:\laragon\www\YI-MT\vendor\laravel\framework\src\Illuminate\Routing\Router.php(576): Illuminate\Pipeline\Pipeline->then(Object(Closure))
#25 C:\laragon\www\YI-MT\vendor\laravel\framework\src\Illuminate\Routing\Router.php(535): Illuminate\Routing\Router->runRouteWithinStack(Object(Illuminate\Routing\Route), Object(Illuminate\Http\Request))
#26 C:\laragon\www\YI-MT\vendor\laravel\framework\src\Illuminate\Routing\Router.php(513): Illuminate\Routing\Router->dispatchToRoute(Object(Illuminate\Http\Request))
#27 C:\laragon\www\YI-MT\vendor\laravel\framework\src\Illuminate\Foundation\Http\Kernel.php(176): Illuminate\Routing\Router->dispatch(Object(Illuminate\Http\Request))
#28 C:\laragon\www\YI-MT\vendor\laravel\framework\src\Illuminate\Routing\Pipeline.php(30): Illuminate\Foundation\Http\Kernel->Illuminate\Foundation\Http\{closure}(Object(Illuminate\Http\Request))
#29 C:\laragon\www\YI-MT\vendor\laravel\framework\src\Illuminate\Foundation\Http\Middleware\TransformsRequest.php(30): Illuminate\Routing\Pipeline->Illuminate\Routing\{closure}(Object(Illuminate\Http\Request))
#30 C:\laragon\www\YI-MT\vendor\laravel\framework\src\Illuminate\Pipeline\Pipeline.php(148): Illuminate\Foundation\Http\Middleware\TransformsRequest->handle(Object(Illuminate\Http\Request), Object(Closure))
#31 C:\laragon\www\YI-MT\vendor\laravel\framework\src\Illuminate\Routing\Pipeline.php(53): Illuminate\Pipeline\Pipeline->Illuminate\Pipeline\{closure}(Object(Illuminate\Http\Request))
#32 C:\laragon\www\YI-MT\vendor\laravel\framework\src\Illuminate\Foundation\Http\Middleware\TransformsRequest.php(30): Illuminate\Routing\Pipeline->Illuminate\Routing\{closure}(Object(Illuminate\Http\Request))
#33 C:\laragon\www\YI-MT\vendor\laravel\framework\src\Illuminate\Pipeline\Pipeline.php(148): Illuminate\Foundation\Http\Middleware\TransformsRequest->handle(Object(Illuminate\Http\Request), Object(Closure))
#34 C:\laragon\www\YI-MT\vendor\laravel\framework\src\Illuminate\Routing\Pipeline.php(53): Illuminate\Pipeline\Pipeline->Illuminate\Pipeline\{closure}(Object(Illuminate\Http\Request))
#35 C:\laragon\www\YI-MT\vendor\laravel\framework\src\Illuminate\Foundation\Http\Middleware\ValidatePostSize.php(27): Illuminate\Routing\Pipeline->Illuminate\Routing\{closure}(Object(Illuminate\Http\Request))
#36 C:\laragon\www\YI-MT\vendor\laravel\framework\src\Illuminate\Pipeline\Pipeline.php(148): Illuminate\Foundation\Http\Middleware\ValidatePostSize->handle(Object(Illuminate\Http\Request), Object(Closure))
#37 C:\laragon\www\YI-MT\vendor\laravel\framework\src\Illuminate\Routing\Pipeline.php(53): Illuminate\Pipeline\Pipeline->Illuminate\Pipeline\{closure}(Object(Illuminate\Http\Request))
#38 C:\laragon\www\YI-MT\vendor\laravel\framework\src\Illuminate\Foundation\Http\Middleware\CheckForMaintenanceMode.php(46): Illuminate\Routing\Pipeline->Illuminate\Routing\{closure}(Object(Illuminate\Http\Request))
#39 C:\laragon\www\YI-MT\vendor\laravel\framework\src\Illuminate\Pipeline\Pipeline.php(148): Illuminate\Foundation\Http\Middleware\CheckForMaintenanceMode->handle(Object(Illuminate\Http\Request), Object(Closure))
#40 C:\laragon\www\YI-MT\vendor\laravel\framework\src\Illuminate\Routing\Pipeline.php(53): Illuminate\Pipeline\Pipeline->Illuminate\Pipeline\{closure}(Object(Illuminate\Http\Request))
#41 C:\laragon\www\YI-MT\vendor\laravel\framework\src\Illuminate\Pipeline\Pipeline.php(102): Illuminate\Routing\Pipeline->Illuminate\Routing\{closure}(Object(Illuminate\Http\Request))
#42 C:\laragon\www\YI-MT\vendor\laravel\framework\src\Illuminate\Foundation\Http\Kernel.php(151): Illuminate\Pipeline\Pipeline->then(Object(Closure))
#43 C:\laragon\www\YI-MT\vendor\laravel\framework\src\Illuminate\Foundation\Http\Kernel.php(116): Illuminate\Foundation\Http\Kernel->sendRequestThroughRouter(Object(Illuminate\Http\Request))
#44 C:\laragon\www\YI-MT\public\index.php(53): Illuminate\Foundation\Http\Kernel->handle(Object(Illuminate\Http\Request))
#45 {main}  
[2019-03-11 14:24:09] local.ERROR: ReflectionException: Class YellowProject\Http\Controllers\MT\TOPS\Promotion\PromotionController does not exist in C:\laragon\www\YI-MT\vendor\laravel\framework\src\Illuminate\Container\Container.php:729
Stack trace:
#0 C:\laragon\www\YI-MT\vendor\laravel\framework\src\Illuminate\Container\Container.php(729): ReflectionClass->__construct('YellowProject\\H...')
#1 C:\laragon\www\YI-MT\vendor\laravel\framework\src\Illuminate\Container\Container.php(608): Illuminate\Container\Container->build('YellowProject\\H...')
#2 C:\laragon\www\YI-MT\vendor\laravel\framework\src\Illuminate\Container\Container.php(575): Illuminate\Container\Container->resolve('YellowProject\\H...')
#3 C:\laragon\www\YI-MT\vendor\laravel\framework\src\Illuminate\Foundation\Application.php(728): Illuminate\Container\Container->make('YellowProject\\H...')
#4 C:\laragon\www\YI-MT\vendor\laravel\framework\src\Illuminate\Routing\Route.php(217): Illuminate\Foundation\Application->make('YellowProject\\H...')
#5 C:\laragon\www\YI-MT\vendor\laravel\framework\src\Illuminate\Routing\Route.php(747): Illuminate\Routing\Route->getController()
#6 C:\laragon\www\YI-MT\vendor\laravel\framework\src\Illuminate\Routing\Route.php(708): Illuminate\Routing\Route->controllerMiddleware()
#7 C:\laragon\www\YI-MT\vendor\laravel\framework\src\Illuminate\Routing\Router.php(587): Illuminate\Routing\Route->gatherMiddleware()
#8 C:\laragon\www\YI-MT\vendor\laravel\framework\src\Illuminate\Routing\Router.php(567): Illuminate\Routing\Router->gatherRouteMiddleware(Object(Illuminate\Routing\Route))
#9 C:\laragon\www\YI-MT\vendor\laravel\framework\src\Illuminate\Routing\Router.php(535): Illuminate\Routing\Router->runRouteWithinStack(Object(Illuminate\Routing\Route), Object(Illuminate\Http\Request))
#10 C:\laragon\www\YI-MT\vendor\laravel\framework\src\Illuminate\Routing\Router.php(513): Illuminate\Routing\Router->dispatchToRoute(Object(Illuminate\Http\Request))
#11 C:\laragon\www\YI-MT\vendor\laravel\framework\src\Illuminate\Foundation\Http\Kernel.php(176): Illuminate\Routing\Router->dispatch(Object(Illuminate\Http\Request))
#12 C:\laragon\www\YI-MT\vendor\laravel\framework\src\Illuminate\Routing\Pipeline.php(30): Illuminate\Foundation\Http\Kernel->Illuminate\Foundation\Http\{closure}(Object(Illuminate\Http\Request))
#13 C:\laragon\www\YI-MT\vendor\laravel\framework\src\Illuminate\Foundation\Http\Middleware\TransformsRequest.php(30): Illuminate\Routing\Pipeline->Illuminate\Routing\{closure}(Object(Illuminate\Http\Request))
#14 C:\laragon\www\YI-MT\vendor\laravel\framework\src\Illuminate\Pipeline\Pipeline.php(148): Illuminate\Foundation\Http\Middleware\TransformsRequest->handle(Object(Illuminate\Http\Request), Object(Closure))
#15 C:\laragon\www\YI-MT\vendor\laravel\framework\src\Illuminate\Routing\Pipeline.php(53): Illuminate\Pipeline\Pipeline->Illuminate\Pipeline\{closure}(Object(Illuminate\Http\Request))
#16 C:\laragon\www\YI-MT\vendor\laravel\framework\src\Illuminate\Foundation\Http\Middleware\TransformsRequest.php(30): Illuminate\Routing\Pipeline->Illuminate\Routing\{closure}(Object(Illuminate\Http\Request))
#17 C:\laragon\www\YI-MT\vendor\laravel\framework\src\Illuminate\Pipeline\Pipeline.php(148): Illuminate\Foundation\Http\Middleware\TransformsRequest->handle(Object(Illuminate\Http\Request), Object(Closure))
#18 C:\laragon\www\YI-MT\vendor\laravel\framework\src\Illuminate\Routing\Pipeline.php(53): Illuminate\Pipeline\Pipeline->Illuminate\Pipeline\{closure}(Object(Illuminate\Http\Request))
#19 C:\laragon\www\YI-MT\vendor\laravel\framework\src\Illuminate\Foundation\Http\Middleware\ValidatePostSize.php(27): Illuminate\Routing\Pipeline->Illuminate\Routing\{closure}(Object(Illuminate\Http\Request))
#20 C:\laragon\www\YI-MT\vendor\laravel\framework\src\Illuminate\Pipeline\Pipeline.php(148): Illuminate\Foundation\Http\Middleware\ValidatePostSize->handle(Object(Illuminate\Http\Request), Object(Closure))
#21 C:\laragon\www\YI-MT\vendor\laravel\framework\src\Illuminate\Routing\Pipeline.php(53): Illuminate\Pipeline\Pipeline->Illuminate\Pipeline\{closure}(Object(Illuminate\Http\Request))
#22 C:\laragon\www\YI-MT\vendor\laravel\framework\src\Illuminate\Foundation\Http\Middleware\CheckForMaintenanceMode.php(46): Illuminate\Routing\Pipeline->Illuminate\Routing\{closure}(Object(Illuminate\Http\Request))
#23 C:\laragon\www\YI-MT\vendor\laravel\framework\src\Illuminate\Pipeline\Pipeline.php(148): Illuminate\Foundation\Http\Middleware\CheckForMaintenanceMode->handle(Object(Illuminate\Http\Request), Object(Closure))
#24 C:\laragon\www\YI-MT\vendor\laravel\framework\src\Illuminate\Routing\Pipeline.php(53): Illuminate\Pipeline\Pipeline->Illuminate\Pipeline\{closure}(Object(Illuminate\Http\Request))
#25 C:\laragon\www\YI-MT\vendor\laravel\framework\src\Illuminate\Pipeline\Pipeline.php(102): Illuminate\Routing\Pipeline->Illuminate\Routing\{closure}(Object(Illuminate\Http\Request))
#26 C:\laragon\www\YI-MT\vendor\laravel\framework\src\Illuminate\Foundation\Http\Kernel.php(151): Illuminate\Pipeline\Pipeline->then(Object(Closure))
#27 C:\laragon\www\YI-MT\vendor\laravel\framework\src\Illuminate\Foundation\Http\Kernel.php(116): Illuminate\Foundation\Http\Kernel->sendRequestThroughRouter(Object(Illuminate\Http\Request))
#28 C:\laragon\www\YI-MT\public\index.php(53): Illuminate\Foundation\Http\Kernel->handle(Object(Illuminate\Http\Request))
#29 {main}  
[2019-03-11 14:27:45] local.ERROR: ReflectionException: Class YellowProject\Http\Controllers\MT\TOPS\Promotion\PromotionController does not exist in C:\laragon\www\YI-MT\vendor\laravel\framework\src\Illuminate\Container\Container.php:729
Stack trace:
#0 C:\laragon\www\YI-MT\vendor\laravel\framework\src\Illuminate\Container\Container.php(729): ReflectionClass->__construct('YellowProject\\H...')
#1 C:\laragon\www\YI-MT\vendor\laravel\framework\src\Illuminate\Container\Container.php(608): Illuminate\Container\Container->build('YellowProject\\H...')
#2 C:\laragon\www\YI-MT\vendor\laravel\framework\src\Illuminate\Container\Container.php(575): Illuminate\Container\Container->resolve('YellowProject\\H...')
#3 C:\laragon\www\YI-MT\vendor\laravel\framework\src\Illuminate\Foundation\Application.php(728): Illuminate\Container\Container->make('YellowProject\\H...')
#4 C:\laragon\www\YI-MT\vendor\laravel\framework\src\Illuminate\Routing\Route.php(217): Illuminate\Foundation\Application->make('YellowProject\\H...')
#5 C:\laragon\www\YI-MT\vendor\laravel\framework\src\Illuminate\Routing\Route.php(747): Illuminate\Routing\Route->getController()
#6 C:\laragon\www\YI-MT\vendor\laravel\framework\src\Illuminate\Routing\Route.php(708): Illuminate\Routing\Route->controllerMiddleware()
#7 C:\laragon\www\YI-MT\vendor\laravel\framework\src\Illuminate\Routing\Router.php(587): Illuminate\Routing\Route->gatherMiddleware()
#8 C:\laragon\www\YI-MT\vendor\laravel\framework\src\Illuminate\Routing\Router.php(567): Illuminate\Routing\Router->gatherRouteMiddleware(Object(Illuminate\Routing\Route))
#9 C:\laragon\www\YI-MT\vendor\laravel\framework\src\Illuminate\Routing\Router.php(535): Illuminate\Routing\Router->runRouteWithinStack(Object(Illuminate\Routing\Route), Object(Illuminate\Http\Request))
#10 C:\laragon\www\YI-MT\vendor\laravel\framework\src\Illuminate\Routing\Router.php(513): Illuminate\Routing\Router->dispatchToRoute(Object(Illuminate\Http\Request))
#11 C:\laragon\www\YI-MT\vendor\laravel\framework\src\Illuminate\Foundation\Http\Kernel.php(176): Illuminate\Routing\Router->dispatch(Object(Illuminate\Http\Request))
#12 C:\laragon\www\YI-MT\vendor\laravel\framework\src\Illuminate\Routing\Pipeline.php(30): Illuminate\Foundation\Http\Kernel->Illuminate\Foundation\Http\{closure}(Object(Illuminate\Http\Request))
#13 C:\laragon\www\YI-MT\vendor\laravel\framework\src\Illuminate\Foundation\Http\Middleware\TransformsRequest.php(30): Illuminate\Routing\Pipeline->Illuminate\Routing\{closure}(Object(Illuminate\Http\Request))
#14 C:\laragon\www\YI-MT\vendor\laravel\framework\src\Illuminate\Pipeline\Pipeline.php(148): Illuminate\Foundation\Http\Middleware\TransformsRequest->handle(Object(Illuminate\Http\Request), Object(Closure))
#15 C:\laragon\www\YI-MT\vendor\laravel\framework\src\Illuminate\Routing\Pipeline.php(53): Illuminate\Pipeline\Pipeline->Illuminate\Pipeline\{closure}(Object(Illuminate\Http\Request))
#16 C:\laragon\www\YI-MT\vendor\laravel\framework\src\Illuminate\Foundation\Http\Middleware\TransformsRequest.php(30): Illuminate\Routing\Pipeline->Illuminate\Routing\{closure}(Object(Illuminate\Http\Request))
#17 C:\laragon\www\YI-MT\vendor\laravel\framework\src\Illuminate\Pipeline\Pipeline.php(148): Illuminate\Foundation\Http\Middleware\TransformsRequest->handle(Object(Illuminate\Http\Request), Object(Closure))
#18 C:\laragon\www\YI-MT\vendor\laravel\framework\src\Illuminate\Routing\Pipeline.php(53): Illuminate\Pipeline\Pipeline->Illuminate\Pipeline\{closure}(Object(Illuminate\Http\Request))
#19 C:\laragon\www\YI-MT\vendor\laravel\framework\src\Illuminate\Foundation\Http\Middleware\ValidatePostSize.php(27): Illuminate\Routing\Pipeline->Illuminate\Routing\{closure}(Object(Illuminate\Http\Request))
#20 C:\laragon\www\YI-MT\vendor\laravel\framework\src\Illuminate\Pipeline\Pipeline.php(148): Illuminate\Foundation\Http\Middleware\ValidatePostSize->handle(Object(Illuminate\Http\Request), Object(Closure))
#21 C:\laragon\www\YI-MT\vendor\laravel\framework\src\Illuminate\Routing\Pipeline.php(53): Illuminate\Pipeline\Pipeline->Illuminate\Pipeline\{closure}(Object(Illuminate\Http\Request))
#22 C:\laragon\www\YI-MT\vendor\laravel\framework\src\Illuminate\Foundation\Http\Middleware\CheckForMaintenanceMode.php(46): Illuminate\Routing\Pipeline->Illuminate\Routing\{closure}(Object(Illuminate\Http\Request))
#23 C:\laragon\www\YI-MT\vendor\laravel\framework\src\Illuminate\Pipeline\Pipeline.php(148): Illuminate\Foundation\Http\Middleware\CheckForMaintenanceMode->handle(Object(Illuminate\Http\Request), Object(Closure))
#24 C:\laragon\www\YI-MT\vendor\laravel\framework\src\Illuminate\Routing\Pipeline.php(53): Illuminate\Pipeline\Pipeline->Illuminate\Pipeline\{closure}(Object(Illuminate\Http\Request))
#25 C:\laragon\www\YI-MT\vendor\laravel\framework\src\Illuminate\Pipeline\Pipeline.php(102): Illuminate\Routing\Pipeline->Illuminate\Routing\{closure}(Object(Illuminate\Http\Request))
#26 C:\laragon\www\YI-MT\vendor\laravel\framework\src\Illuminate\Foundation\Http\Kernel.php(151): Illuminate\Pipeline\Pipeline->then(Object(Closure))
#27 C:\laragon\www\YI-MT\vendor\laravel\framework\src\Illuminate\Foundation\Http\Kernel.php(116): Illuminate\Foundation\Http\Kernel->sendRequestThroughRouter(Object(Illuminate\Http\Request))
#28 C:\laragon\www\YI-MT\public\index.php(53): Illuminate\Foundation\Http\Kernel->handle(Object(Illuminate\Http\Request))
#29 {main}  
[2019-03-11 17:27:59] local.ERROR: Symfony\Component\Debug\Exception\FatalThrowableError: Parse error: syntax error, unexpected '<<' (T_SL), expecting end of file in C:\laragon\www\YI-MT\routes\web.php:183
Stack trace:
#0 C:\laragon\www\YI-MT\vendor\laravel\framework\src\Illuminate\Routing\Router.php(285): Illuminate\Routing\Router->loadRoutes('C:\\laragon\\www\\...')
#1 C:\laragon\www\YI-MT\vendor\laravel\framework\src\Illuminate\Routing\RouteRegistrar.php(104): Illuminate\Routing\Router->group(Array, 'C:\\laragon\\www\\...')
#2 C:\laragon\www\YI-MT\app\Providers\RouteServiceProvider.php(56): Illuminate\Routing\RouteRegistrar->group('C:\\laragon\\www\\...')
#3 C:\laragon\www\YI-MT\app\Providers\RouteServiceProvider.php(40): YellowProject\Providers\RouteServiceProvider->mapWebRoutes()
#4 [internal function]: YellowProject\Providers\RouteServiceProvider->map()
#5 C:\laragon\www\YI-MT\vendor\laravel\framework\src\Illuminate\Container\BoundMethod.php(29): call_user_func_array(Array, Array)
#6 C:\laragon\www\YI-MT\vendor\laravel\framework\src\Illuminate\Container\BoundMethod.php(87): Illuminate\Container\BoundMethod::Illuminate\Container\{closure}()
#7 C:\laragon\www\YI-MT\vendor\laravel\framework\src\Illuminate\Container\BoundMethod.php(31): Illuminate\Container\BoundMethod::callBoundMethod(Object(Illuminate\Foundation\Application), Array, Object(Closure))
#8 C:\laragon\www\YI-MT\vendor\laravel\framework\src\Illuminate\Container\Container.php(539): Illuminate\Container\BoundMethod::call(Object(Illuminate\Foundation\Application), Array, Array, NULL)
#9 C:\laragon\www\YI-MT\vendor\laravel\framework\src\Illuminate\Foundation\Support\Providers\RouteServiceProvider.php(74): Illuminate\Container\Container->call(Array)
#10 C:\laragon\www\YI-MT\vendor\laravel\framework\src\Illuminate\Foundation\Support\Providers\RouteServiceProvider.php(33): Illuminate\Foundation\Support\Providers\RouteServiceProvider->loadRoutes()
#11 C:\laragon\www\YI-MT\app\Providers\RouteServiceProvider.php(28): Illuminate\Foundation\Support\Providers\RouteServiceProvider->boot()
#12 [internal function]: YellowProject\Providers\RouteServiceProvider->boot()
#13 C:\laragon\www\YI-MT\vendor\laravel\framework\src\Illuminate\Container\BoundMethod.php(29): call_user_func_array(Array, Array)
#14 C:\laragon\www\YI-MT\vendor\laravel\framework\src\Illuminate\Container\BoundMethod.php(87): Illuminate\Container\BoundMethod::Illuminate\Container\{closure}()
#15 C:\laragon\www\YI-MT\vendor\laravel\framework\src\Illuminate\Container\BoundMethod.php(31): Illuminate\Container\BoundMethod::callBoundMethod(Object(Illuminate\Foundation\Application), Array, Object(Closure))
#16 C:\laragon\www\YI-MT\vendor\laravel\framework\src\Illuminate\Container\Container.php(539): Illuminate\Container\BoundMethod::call(Object(Illuminate\Foundation\Application), Array, Array, NULL)
#17 C:\laragon\www\YI-MT\vendor\laravel\framework\src\Illuminate\Foundation\Application.php(788): Illuminate\Container\Container->call(Array)
#18 C:\laragon\www\YI-MT\vendor\laravel\framework\src\Illuminate\Foundation\Application.php(771): Illuminate\Foundation\Application->bootProvider(Object(YellowProject\Providers\RouteServiceProvider))
#19 [internal function]: Illuminate\Foundation\Application->Illuminate\Foundation\{closure}(Object(YellowProject\Providers\RouteServiceProvider), 18)
#20 C:\laragon\www\YI-MT\vendor\laravel\framework\src\Illuminate\Foundation\Application.php(772): array_walk(Array, Object(Closure))
#21 C:\laragon\www\YI-MT\vendor\laravel\framework\src\Illuminate\Foundation\Bootstrap\BootProviders.php(17): Illuminate\Foundation\Application->boot()
#22 C:\laragon\www\YI-MT\vendor\laravel\framework\src\Illuminate\Foundation\Application.php(208): Illuminate\Foundation\Bootstrap\BootProviders->bootstrap(Object(Illuminate\Foundation\Application))
#23 C:\laragon\www\YI-MT\vendor\laravel\framework\src\Illuminate\Foundation\Http\Kernel.php(162): Illuminate\Foundation\Application->bootstrapWith(Array)
#24 C:\laragon\www\YI-MT\vendor\laravel\framework\src\Illuminate\Foundation\Http\Kernel.php(146): Illuminate\Foundation\Http\Kernel->bootstrap()
#25 C:\laragon\www\YI-MT\vendor\laravel\framework\src\Illuminate\Foundation\Http\Kernel.php(116): Illuminate\Foundation\Http\Kernel->sendRequestThroughRouter(Object(Illuminate\Http\Request))
#26 C:\laragon\www\YI-MT\public\index.php(53): Illuminate\Foundation\Http\Kernel->handle(Object(Illuminate\Http\Request))
#27 {main}  
[2019-03-11 17:29:23] local.ERROR: Symfony\Component\Debug\Exception\FatalThrowableError: Parse error: syntax error, unexpected '===' (T_IS_IDENTICAL), expecting end of file in C:\laragon\www\YI-MT\routes\web.php:185
Stack trace:
#0 C:\laragon\www\YI-MT\vendor\laravel\framework\src\Illuminate\Routing\Router.php(285): Illuminate\Routing\Router->loadRoutes('C:\\laragon\\www\\...')
#1 C:\laragon\www\YI-MT\vendor\laravel\framework\src\Illuminate\Routing\RouteRegistrar.php(104): Illuminate\Routing\Router->group(Array, 'C:\\laragon\\www\\...')
#2 C:\laragon\www\YI-MT\app\Providers\RouteServiceProvider.php(56): Illuminate\Routing\RouteRegistrar->group('C:\\laragon\\www\\...')
#3 C:\laragon\www\YI-MT\app\Providers\RouteServiceProvider.php(40): YellowProject\Providers\RouteServiceProvider->mapWebRoutes()
#4 [internal function]: YellowProject\Providers\RouteServiceProvider->map()
#5 C:\laragon\www\YI-MT\vendor\laravel\framework\src\Illuminate\Container\BoundMethod.php(29): call_user_func_array(Array, Array)
#6 C:\laragon\www\YI-MT\vendor\laravel\framework\src\Illuminate\Container\BoundMethod.php(87): Illuminate\Container\BoundMethod::Illuminate\Container\{closure}()
#7 C:\laragon\www\YI-MT\vendor\laravel\framework\src\Illuminate\Container\BoundMethod.php(31): Illuminate\Container\BoundMethod::callBoundMethod(Object(Illuminate\Foundation\Application), Array, Object(Closure))
#8 C:\laragon\www\YI-MT\vendor\laravel\framework\src\Illuminate\Container\Container.php(539): Illuminate\Container\BoundMethod::call(Object(Illuminate\Foundation\Application), Array, Array, NULL)
#9 C:\laragon\www\YI-MT\vendor\laravel\framework\src\Illuminate\Foundation\Support\Providers\RouteServiceProvider.php(74): Illuminate\Container\Container->call(Array)
#10 C:\laragon\www\YI-MT\vendor\laravel\framework\src\Illuminate\Foundation\Support\Providers\RouteServiceProvider.php(33): Illuminate\Foundation\Support\Providers\RouteServiceProvider->loadRoutes()
#11 C:\laragon\www\YI-MT\app\Providers\RouteServiceProvider.php(28): Illuminate\Foundation\Support\Providers\RouteServiceProvider->boot()
#12 [internal function]: YellowProject\Providers\RouteServiceProvider->boot()
#13 C:\laragon\www\YI-MT\vendor\laravel\framework\src\Illuminate\Container\BoundMethod.php(29): call_user_func_array(Array, Array)
#14 C:\laragon\www\YI-MT\vendor\laravel\framework\src\Illuminate\Container\BoundMethod.php(87): Illuminate\Container\BoundMethod::Illuminate\Container\{closure}()
#15 C:\laragon\www\YI-MT\vendor\laravel\framework\src\Illuminate\Container\BoundMethod.php(31): Illuminate\Container\BoundMethod::callBoundMethod(Object(Illuminate\Foundation\Application), Array, Object(Closure))
#16 C:\laragon\www\YI-MT\vendor\laravel\framework\src\Illuminate\Container\Container.php(539): Illuminate\Container\BoundMethod::call(Object(Illuminate\Foundation\Application), Array, Array, NULL)
#17 C:\laragon\www\YI-MT\vendor\laravel\framework\src\Illuminate\Foundation\Application.php(788): Illuminate\Container\Container->call(Array)
#18 C:\laragon\www\YI-MT\vendor\laravel\framework\src\Illuminate\Foundation\Application.php(771): Illuminate\Foundation\Application->bootProvider(Object(YellowProject\Providers\RouteServiceProvider))
#19 [internal function]: Illuminate\Foundation\Application->Illuminate\Foundation\{closure}(Object(YellowProject\Providers\RouteServiceProvider), 18)
#20 C:\laragon\www\YI-MT\vendor\laravel\framework\src\Illuminate\Foundation\Application.php(772): array_walk(Array, Object(Closure))
#21 C:\laragon\www\YI-MT\vendor\laravel\framework\src\Illuminate\Foundation\Bootstrap\BootProviders.php(17): Illuminate\Foundation\Application->boot()
#22 C:\laragon\www\YI-MT\vendor\laravel\framework\src\Illuminate\Foundation\Application.php(208): Illuminate\Foundation\Bootstrap\BootProviders->bootstrap(Object(Illuminate\Foundation\Application))
#23 C:\laragon\www\YI-MT\vendor\laravel\framework\src\Illuminate\Foundation\Http\Kernel.php(162): Illuminate\Foundation\Application->bootstrapWith(Array)
#24 C:\laragon\www\YI-MT\vendor\laravel\framework\src\Illuminate\Foundation\Http\Kernel.php(146): Illuminate\Foundation\Http\Kernel->bootstrap()
#25 C:\laragon\www\YI-MT\vendor\laravel\framework\src\Illuminate\Foundation\Http\Kernel.php(116): Illuminate\Foundation\Http\Kernel->sendRequestThroughRouter(Object(Illuminate\Http\Request))
#26 C:\laragon\www\YI-MT\public\index.php(53): Illuminate\Foundation\Http\Kernel->handle(Object(Illuminate\Http\Request))
#27 {main}  
[2019-03-11 17:54:48] local.ERROR: Symfony\Component\Debug\Exception\FatalThrowableError: Parse error: syntax error, unexpected 'return' (T_RETURN), expecting ';' in C:\laragon\www\YI-MT\app\Http\Controllers\MT\Promotion\TOPS\QuestionController.php:21
Stack trace:
#0 C:\laragon\www\YI-MT\vendor\composer\ClassLoader.php(322): Composer\Autoload\includeFile('C:\\laragon\\www\\...')
#1 [internal function]: Composer\Autoload\ClassLoader->loadClass('YellowProject\\H...')
#2 [internal function]: spl_autoload_call('YellowProject\\H...')
#3 C:\laragon\www\YI-MT\vendor\laravel\framework\src\Illuminate\Container\Container.php(729): ReflectionClass->__construct('YellowProject\\H...')
#4 C:\laragon\www\YI-MT\vendor\laravel\framework\src\Illuminate\Container\Container.php(608): Illuminate\Container\Container->build('YellowProject\\H...')
#5 C:\laragon\www\YI-MT\vendor\laravel\framework\src\Illuminate\Container\Container.php(575): Illuminate\Container\Container->resolve('YellowProject\\H...')
#6 C:\laragon\www\YI-MT\vendor\laravel\framework\src\Illuminate\Foundation\Application.php(728): Illuminate\Container\Container->make('YellowProject\\H...')
#7 C:\laragon\www\YI-MT\vendor\laravel\framework\src\Illuminate\Routing\Route.php(217): Illuminate\Foundation\Application->make('YellowProject\\H...')
#8 C:\laragon\www\YI-MT\vendor\laravel\framework\src\Illuminate\Routing\Route.php(747): Illuminate\Routing\Route->getController()
#9 C:\laragon\www\YI-MT\vendor\laravel\framework\src\Illuminate\Routing\Route.php(708): Illuminate\Routing\Route->controllerMiddleware()
#10 C:\laragon\www\YI-MT\vendor\laravel\framework\src\Illuminate\Routing\Router.php(587): Illuminate\Routing\Route->gatherMiddleware()
#11 C:\laragon\www\YI-MT\vendor\laravel\framework\src\Illuminate\Routing\Router.php(567): Illuminate\Routing\Router->gatherRouteMiddleware(Object(Illuminate\Routing\Route))
#12 C:\laragon\www\YI-MT\vendor\laravel\framework\src\Illuminate\Routing\Router.php(535): Illuminate\Routing\Router->runRouteWithinStack(Object(Illuminate\Routing\Route), Object(Illuminate\Http\Request))
#13 C:\laragon\www\YI-MT\vendor\laravel\framework\src\Illuminate\Routing\Router.php(513): Illuminate\Routing\Router->dispatchToRoute(Object(Illuminate\Http\Request))
#14 C:\laragon\www\YI-MT\vendor\laravel\framework\src\Illuminate\Foundation\Http\Kernel.php(176): Illuminate\Routing\Router->dispatch(Object(Illuminate\Http\Request))
#15 C:\laragon\www\YI-MT\vendor\laravel\framework\src\Illuminate\Routing\Pipeline.php(30): Illuminate\Foundation\Http\Kernel->Illuminate\Foundation\Http\{closure}(Object(Illuminate\Http\Request))
#16 C:\laragon\www\YI-MT\vendor\laravel\framework\src\Illuminate\Foundation\Http\Middleware\TransformsRequest.php(30): Illuminate\Routing\Pipeline->Illuminate\Routing\{closure}(Object(Illuminate\Http\Request))
#17 C:\laragon\www\YI-MT\vendor\laravel\framework\src\Illuminate\Pipeline\Pipeline.php(148): Illuminate\Foundation\Http\Middleware\TransformsRequest->handle(Object(Illuminate\Http\Request), Object(Closure))
#18 C:\laragon\www\YI-MT\vendor\laravel\framework\src\Illuminate\Routing\Pipeline.php(53): Illuminate\Pipeline\Pipeline->Illuminate\Pipeline\{closure}(Object(Illuminate\Http\Request))
#19 C:\laragon\www\YI-MT\vendor\laravel\framework\src\Illuminate\Foundation\Http\Middleware\TransformsRequest.php(30): Illuminate\Routing\Pipeline->Illuminate\Routing\{closure}(Object(Illuminate\Http\Request))
#20 C:\laragon\www\YI-MT\vendor\laravel\framework\src\Illuminate\Pipeline\Pipeline.php(148): Illuminate\Foundation\Http\Middleware\TransformsRequest->handle(Object(Illuminate\Http\Request), Object(Closure))
#21 C:\laragon\www\YI-MT\vendor\laravel\framework\src\Illuminate\Routing\Pipeline.php(53): Illuminate\Pipeline\Pipeline->Illuminate\Pipeline\{closure}(Object(Illuminate\Http\Request))
#22 C:\laragon\www\YI-MT\vendor\laravel\framework\src\Illuminate\Foundation\Http\Middleware\ValidatePostSize.php(27): Illuminate\Routing\Pipeline->Illuminate\Routing\{closure}(Object(Illuminate\Http\Request))
#23 C:\laragon\www\YI-MT\vendor\laravel\framework\src\Illuminate\Pipeline\Pipeline.php(148): Illuminate\Foundation\Http\Middleware\ValidatePostSize->handle(Object(Illuminate\Http\Request), Object(Closure))
#24 C:\laragon\www\YI-MT\vendor\laravel\framework\src\Illuminate\Routing\Pipeline.php(53): Illuminate\Pipeline\Pipeline->Illuminate\Pipeline\{closure}(Object(Illuminate\Http\Request))
#25 C:\laragon\www\YI-MT\vendor\laravel\framework\src\Illuminate\Foundation\Http\Middleware\CheckForMaintenanceMode.php(46): Illuminate\Routing\Pipeline->Illuminate\Routing\{closure}(Object(Illuminate\Http\Request))
#26 C:\laragon\www\YI-MT\vendor\laravel\framework\src\Illuminate\Pipeline\Pipeline.php(148): Illuminate\Foundation\Http\Middleware\CheckForMaintenanceMode->handle(Object(Illuminate\Http\Request), Object(Closure))
#27 C:\laragon\www\YI-MT\vendor\laravel\framework\src\Illuminate\Routing\Pipeline.php(53): Illuminate\Pipeline\Pipeline->Illuminate\Pipeline\{closure}(Object(Illuminate\Http\Request))
#28 C:\laragon\www\YI-MT\vendor\laravel\framework\src\Illuminate\Pipeline\Pipeline.php(102): Illuminate\Routing\Pipeline->Illuminate\Routing\{closure}(Object(Illuminate\Http\Request))
#29 C:\laragon\www\YI-MT\vendor\laravel\framework\src\Illuminate\Foundation\Http\Kernel.php(151): Illuminate\Pipeline\Pipeline->then(Object(Closure))
#30 C:\laragon\www\YI-MT\vendor\laravel\framework\src\Illuminate\Foundation\Http\Kernel.php(116): Illuminate\Foundation\Http\Kernel->sendRequestThroughRouter(Object(Illuminate\Http\Request))
#31 C:\laragon\www\YI-MT\public\index.php(53): Illuminate\Foundation\Http\Kernel->handle(Object(Illuminate\Http\Request))
#32 {main}  
[2019-03-11 17:55:18] local.ERROR: Symfony\Component\Debug\Exception\FatalThrowableError: Parse error: syntax error, unexpected 'return' (T_RETURN), expecting ';' in C:\laragon\www\YI-MT\app\Http\Controllers\MT\Promotion\TOPS\QuestionController.php:21
Stack trace:
#0 C:\laragon\www\YI-MT\vendor\composer\ClassLoader.php(322): Composer\Autoload\includeFile('C:\\laragon\\www\\...')
#1 [internal function]: Composer\Autoload\ClassLoader->loadClass('YellowProject\\H...')
#2 [internal function]: spl_autoload_call('YellowProject\\H...')
#3 C:\laragon\www\YI-MT\vendor\laravel\framework\src\Illuminate\Container\Container.php(729): ReflectionClass->__construct('YellowProject\\H...')
#4 C:\laragon\www\YI-MT\vendor\laravel\framework\src\Illuminate\Container\Container.php(608): Illuminate\Container\Container->build('YellowProject\\H...')
#5 C:\laragon\www\YI-MT\vendor\laravel\framework\src\Illuminate\Container\Container.php(575): Illuminate\Container\Container->resolve('YellowProject\\H...')
#6 C:\laragon\www\YI-MT\vendor\laravel\framework\src\Illuminate\Foundation\Application.php(728): Illuminate\Container\Container->make('YellowProject\\H...')
#7 C:\laragon\www\YI-MT\vendor\laravel\framework\src\Illuminate\Routing\Route.php(217): Illuminate\Foundation\Application->make('YellowProject\\H...')
#8 C:\laragon\www\YI-MT\vendor\laravel\framework\src\Illuminate\Routing\Route.php(747): Illuminate\Routing\Route->getController()
#9 C:\laragon\www\YI-MT\vendor\laravel\framework\src\Illuminate\Routing\Route.php(708): Illuminate\Routing\Route->controllerMiddleware()
#10 C:\laragon\www\YI-MT\vendor\laravel\framework\src\Illuminate\Routing\Router.php(587): Illuminate\Routing\Route->gatherMiddleware()
#11 C:\laragon\www\YI-MT\vendor\laravel\framework\src\Illuminate\Routing\Router.php(567): Illuminate\Routing\Router->gatherRouteMiddleware(Object(Illuminate\Routing\Route))
#12 C:\laragon\www\YI-MT\vendor\laravel\framework\src\Illuminate\Routing\Router.php(535): Illuminate\Routing\Router->runRouteWithinStack(Object(Illuminate\Routing\Route), Object(Illuminate\Http\Request))
#13 C:\laragon\www\YI-MT\vendor\laravel\framework\src\Illuminate\Routing\Router.php(513): Illuminate\Routing\Router->dispatchToRoute(Object(Illuminate\Http\Request))
#14 C:\laragon\www\YI-MT\vendor\laravel\framework\src\Illuminate\Foundation\Http\Kernel.php(176): Illuminate\Routing\Router->dispatch(Object(Illuminate\Http\Request))
#15 C:\laragon\www\YI-MT\vendor\laravel\framework\src\Illuminate\Routing\Pipeline.php(30): Illuminate\Foundation\Http\Kernel->Illuminate\Foundation\Http\{closure}(Object(Illuminate\Http\Request))
#16 C:\laragon\www\YI-MT\vendor\laravel\framework\src\Illuminate\Foundation\Http\Middleware\TransformsRequest.php(30): Illuminate\Routing\Pipeline->Illuminate\Routing\{closure}(Object(Illuminate\Http\Request))
#17 C:\laragon\www\YI-MT\vendor\laravel\framework\src\Illuminate\Pipeline\Pipeline.php(148): Illuminate\Foundation\Http\Middleware\TransformsRequest->handle(Object(Illuminate\Http\Request), Object(Closure))
#18 C:\laragon\www\YI-MT\vendor\laravel\framework\src\Illuminate\Routing\Pipeline.php(53): Illuminate\Pipeline\Pipeline->Illuminate\Pipeline\{closure}(Object(Illuminate\Http\Request))
#19 C:\laragon\www\YI-MT\vendor\laravel\framework\src\Illuminate\Foundation\Http\Middleware\TransformsRequest.php(30): Illuminate\Routing\Pipeline->Illuminate\Routing\{closure}(Object(Illuminate\Http\Request))
#20 C:\laragon\www\YI-MT\vendor\laravel\framework\src\Illuminate\Pipeline\Pipeline.php(148): Illuminate\Foundation\Http\Middleware\TransformsRequest->handle(Object(Illuminate\Http\Request), Object(Closure))
#21 C:\laragon\www\YI-MT\vendor\laravel\framework\src\Illuminate\Routing\Pipeline.php(53): Illuminate\Pipeline\Pipeline->Illuminate\Pipeline\{closure}(Object(Illuminate\Http\Request))
#22 C:\laragon\www\YI-MT\vendor\laravel\framework\src\Illuminate\Foundation\Http\Middleware\ValidatePostSize.php(27): Illuminate\Routing\Pipeline->Illuminate\Routing\{closure}(Object(Illuminate\Http\Request))
#23 C:\laragon\www\YI-MT\vendor\laravel\framework\src\Illuminate\Pipeline\Pipeline.php(148): Illuminate\Foundation\Http\Middleware\ValidatePostSize->handle(Object(Illuminate\Http\Request), Object(Closure))
#24 C:\laragon\www\YI-MT\vendor\laravel\framework\src\Illuminate\Routing\Pipeline.php(53): Illuminate\Pipeline\Pipeline->Illuminate\Pipeline\{closure}(Object(Illuminate\Http\Request))
#25 C:\laragon\www\YI-MT\vendor\laravel\framework\src\Illuminate\Foundation\Http\Middleware\CheckForMaintenanceMode.php(46): Illuminate\Routing\Pipeline->Illuminate\Routing\{closure}(Object(Illuminate\Http\Request))
#26 C:\laragon\www\YI-MT\vendor\laravel\framework\src\Illuminate\Pipeline\Pipeline.php(148): Illuminate\Foundation\Http\Middleware\CheckForMaintenanceMode->handle(Object(Illuminate\Http\Request), Object(Closure))
#27 C:\laragon\www\YI-MT\vendor\laravel\framework\src\Illuminate\Routing\Pipeline.php(53): Illuminate\Pipeline\Pipeline->Illuminate\Pipeline\{closure}(Object(Illuminate\Http\Request))
#28 C:\laragon\www\YI-MT\vendor\laravel\framework\src\Illuminate\Pipeline\Pipeline.php(102): Illuminate\Routing\Pipeline->Illuminate\Routing\{closure}(Object(Illuminate\Http\Request))
#29 C:\laragon\www\YI-MT\vendor\laravel\framework\src\Illuminate\Foundation\Http\Kernel.php(151): Illuminate\Pipeline\Pipeline->then(Object(Closure))
#30 C:\laragon\www\YI-MT\vendor\laravel\framework\src\Illuminate\Foundation\Http\Kernel.php(116): Illuminate\Foundation\Http\Kernel->sendRequestThroughRouter(Object(Illuminate\Http\Request))
#31 C:\laragon\www\YI-MT\public\index.php(53): Illuminate\Foundation\Http\Kernel->handle(Object(Illuminate\Http\Request))
#32 {main}  
